[0.016s] Invoking command in '/home/ti5robot/hand_angle_ws/build/hand_angle': CMAKE_PREFIX_PATH=${CMAKE_PREFIX_PATH}:/opt/ros/humble /usr/bin/cmake /home/ti5robot/hand_angle_ws/src/hand_angle -DCMAKE_INSTALL_PREFIX=/home/ti5robot/hand_angle_ws/install/hand_angle
[0.136s] -- The C compiler identification is GNU 11.4.0
[0.256s] -- The CXX compiler identification is GNU 11.4.0
[0.276s] -- Detecting C compiler ABI info
[0.424s] -- Detecting C compiler ABI info - done
[0.445s] -- Check for working C compiler: /usr/bin/cc - skipped
[0.449s] -- Detecting C compile features
[0.450s] -- Detecting C compile features - done
[0.461s] -- Detecting CXX compiler ABI info
[0.619s] -- Detecting CXX compiler ABI info - done
[0.646s] -- Check for working CXX compiler: /usr/bin/c++ - skipped
[0.646s] -- Detecting CXX compile features
[0.648s] -- Detecting CXX compile features - done
[0.664s] -- Found ament_cmake: 1.3.11 (/opt/ros/humble/share/ament_cmake/cmake)
[0.998s] -- Found Python3: /usr/bin/python3 (found version "3.10.12") found components: Interpreter 
[1.199s] -- Found rclcpp: 16.0.12 (/opt/ros/humble/share/rclcpp/cmake)
[1.287s] -- Found rosidl_generator_c: 3.1.6 (/opt/ros/humble/share/rosidl_generator_c/cmake)
[1.295s] -- Found rosidl_adapter: 3.1.6 (/opt/ros/humble/share/rosidl_adapter/cmake)
[1.309s] -- Found rosidl_generator_cpp: 3.1.6 (/opt/ros/humble/share/rosidl_generator_cpp/cmake)
[1.333s] -- Using all available rosidl_typesupport_c: rosidl_typesupport_fastrtps_c;rosidl_typesupport_introspection_c
[1.362s] -- Using all available rosidl_typesupport_cpp: rosidl_typesupport_fastrtps_cpp;rosidl_typesupport_introspection_cpp
[1.438s] -- Found rmw_implementation_cmake: 6.1.2 (/opt/ros/humble/share/rmw_implementation_cmake/cmake)
[1.442s] -- Found rmw_fastrtps_cpp: 6.2.7 (/opt/ros/humble/share/rmw_fastrtps_cpp/cmake)
[1.594s] -- Found OpenSSL: /usr/lib/aarch64-linux-gnu/libcrypto.so (found version "3.0.2")  
[1.654s] -- Found FastRTPS: /opt/ros/humble/include  
[1.728s] -- Using RMW implementation 'rmw_fastrtps_cpp' as default
[1.745s] -- Looking for pthread.h
[1.886s] -- Looking for pthread.h - found
[1.887s] -- Performing Test CMAKE_HAVE_LIBC_PTHREAD
[2.040s] -- Performing Test CMAKE_HAVE_LIBC_PTHREAD - Success
[2.044s] -- Found Threads: TRUE  
[2.326s] -- Configuring done
[2.336s] [31mCMake Error at CMakeLists.txt:54 (add_executable):
[2.336s]   Target "hand_angle_node" links to target "std_msgs::std_msgs" but the
[2.336s]   target was not found.  Perhaps a find_package() call is missing for an
[2.336s]   IMPORTED target, or an ALIAS target is missing?
[2.336s] 
[2.336s] [0m
[2.347s] -- Generating done
[2.349s] [0mCMake Generate step failed.  Build files cannot be regenerated correctly.[0m
[2.373s] Invoked command in '/home/ti5robot/hand_angle_ws/build/hand_angle' returned '1': CMAKE_PREFIX_PATH=${CMAKE_PREFIX_PATH}:/opt/ros/humble /usr/bin/cmake /home/ti5robot/hand_angle_ws/src/hand_angle -DCMAKE_INSTALL_PREFIX=/home/ti5robot/hand_angle_ws/install/hand_angle
