[0.296s] DEBUG:colcon:Command line arguments: ['/usr/bin/colcon', 'build']
[0.296s] DEBUG:colcon:Parsed command line arguments: Namespace(log_base=None, log_level=None, verb_name='build', build_base='build', install_base='install', merge_install=False, symlink_install=False, test_result_base=None, continue_on_error=False, executor='parallel', parallel_workers=6, event_handlers=None, ignore_user_meta=False, metas=['./colcon.meta'], base_paths=['.'], packages_ignore=None, packages_ignore_regex=None, paths=None, packages_up_to=None, packages_up_to_regex=None, packages_above=None, packages_above_and_dependencies=None, packages_above_depth=None, packages_select_by_dep=None, packages_skip_by_dep=None, packages_skip_up_to=None, packages_select_build_failed=False, packages_skip_build_finished=False, packages_select_test_failures=False, packages_skip_test_passed=False, packages_select=None, packages_skip=None, packages_select_regex=None, packages_skip_regex=None, packages_start=None, packages_end=None, allow_overriding=[], cmake_args=None, cmake_target=None, cmake_target_skip_unavailable=False, cmake_clean_cache=False, cmake_clean_first=False, cmake_force_configure=False, ament_cmake_args=None, catkin_cmake_args=None, catkin_skip_building_tests=False, verb_parser=<colcon_defaults.argument_parser.defaults.DefaultArgumentsDecorator object at 0xffffb9da78e0>, verb_extension=<colcon_core.verb.build.BuildVerb object at 0xffffb9da6fe0>, main=<bound method BuildVerb.main of <colcon_core.verb.build.BuildVerb object at 0xffffb9da6fe0>>)
[0.730s] Level 1:colcon.colcon_core.package_discovery:discover_packages(colcon_meta) check parameters
[0.730s] Level 1:colcon.colcon_core.package_discovery:discover_packages(recursive) check parameters
[0.731s] Level 1:colcon.colcon_core.package_discovery:discover_packages(ignore) check parameters
[0.731s] Level 1:colcon.colcon_core.package_discovery:discover_packages(path) check parameters
[0.731s] Level 1:colcon.colcon_core.package_discovery:discover_packages(colcon_meta) discover
[0.731s] Level 1:colcon.colcon_core.package_discovery:discover_packages(recursive) discover
[0.731s] INFO:colcon.colcon_core.package_discovery:Crawling recursively for packages in '/home/ti5robot/hand_control_ws'
[0.731s] Level 1:colcon.colcon_core.package_identification:_identify(.) by extensions ['ignore', 'ignore_ament_install']
[0.732s] Level 1:colcon.colcon_core.package_identification:_identify(.) by extension 'ignore'
[0.732s] Level 1:colcon.colcon_core.package_identification:_identify(.) by extension 'ignore_ament_install'
[0.732s] Level 1:colcon.colcon_core.package_identification:_identify(.) by extensions ['colcon_pkg']
[0.732s] Level 1:colcon.colcon_core.package_identification:_identify(.) by extension 'colcon_pkg'
[0.732s] Level 1:colcon.colcon_core.package_identification:_identify(.) by extensions ['colcon_meta']
[0.732s] Level 1:colcon.colcon_core.package_identification:_identify(.) by extension 'colcon_meta'
[0.732s] Level 1:colcon.colcon_core.package_identification:_identify(.) by extensions ['ros']
[0.732s] Level 1:colcon.colcon_core.package_identification:_identify(.) by extension 'ros'
[0.761s] Level 1:colcon.colcon_core.package_identification:_identify(.) by extensions ['cmake', 'python']
[0.761s] Level 1:colcon.colcon_core.package_identification:_identify(.) by extension 'cmake'
[0.761s] Level 1:colcon.colcon_core.package_identification:_identify(.) by extension 'python'
[0.761s] Level 1:colcon.colcon_core.package_identification:_identify(.) by extensions ['python_setup_py']
[0.762s] Level 1:colcon.colcon_core.package_identification:_identify(.) by extension 'python_setup_py'
[0.762s] Level 1:colcon.colcon_core.package_identification:_identify(build) by extensions ['ignore', 'ignore_ament_install']
[0.762s] Level 1:colcon.colcon_core.package_identification:_identify(build) by extension 'ignore'
[0.762s] Level 1:colcon.colcon_core.package_identification:_identify(build) ignored
[0.763s] Level 1:colcon.colcon_core.package_identification:_identify(install) by extensions ['ignore', 'ignore_ament_install']
[0.763s] Level 1:colcon.colcon_core.package_identification:_identify(install) by extension 'ignore'
[0.763s] Level 1:colcon.colcon_core.package_identification:_identify(install) ignored
[0.763s] Level 1:colcon.colcon_core.package_identification:_identify(log) by extensions ['ignore', 'ignore_ament_install']
[0.764s] Level 1:colcon.colcon_core.package_identification:_identify(log) by extension 'ignore'
[0.764s] Level 1:colcon.colcon_core.package_identification:_identify(log) ignored
[0.764s] Level 1:colcon.colcon_core.package_identification:_identify(src) by extensions ['ignore', 'ignore_ament_install']
[0.764s] Level 1:colcon.colcon_core.package_identification:_identify(src) by extension 'ignore'
[0.764s] Level 1:colcon.colcon_core.package_identification:_identify(src) by extension 'ignore_ament_install'
[0.764s] Level 1:colcon.colcon_core.package_identification:_identify(src) by extensions ['colcon_pkg']
[0.764s] Level 1:colcon.colcon_core.package_identification:_identify(src) by extension 'colcon_pkg'
[0.765s] Level 1:colcon.colcon_core.package_identification:_identify(src) by extensions ['colcon_meta']
[0.765s] Level 1:colcon.colcon_core.package_identification:_identify(src) by extension 'colcon_meta'
[0.765s] Level 1:colcon.colcon_core.package_identification:_identify(src) by extensions ['ros']
[0.765s] Level 1:colcon.colcon_core.package_identification:_identify(src) by extension 'ros'
[0.765s] Level 1:colcon.colcon_core.package_identification:_identify(src) by extensions ['cmake', 'python']
[0.765s] Level 1:colcon.colcon_core.package_identification:_identify(src) by extension 'cmake'
[0.765s] Level 1:colcon.colcon_core.package_identification:_identify(src) by extension 'python'
[0.765s] Level 1:colcon.colcon_core.package_identification:_identify(src) by extensions ['python_setup_py']
[0.765s] Level 1:colcon.colcon_core.package_identification:_identify(src) by extension 'python_setup_py'
[0.766s] Level 1:colcon.colcon_core.package_identification:_identify(src/hand_control) by extensions ['ignore', 'ignore_ament_install']
[0.766s] Level 1:colcon.colcon_core.package_identification:_identify(src/hand_control) by extension 'ignore'
[0.766s] Level 1:colcon.colcon_core.package_identification:_identify(src/hand_control) by extension 'ignore_ament_install'
[0.766s] Level 1:colcon.colcon_core.package_identification:_identify(src/hand_control) by extensions ['colcon_pkg']
[0.766s] Level 1:colcon.colcon_core.package_identification:_identify(src/hand_control) by extension 'colcon_pkg'
[0.766s] Level 1:colcon.colcon_core.package_identification:_identify(src/hand_control) by extensions ['colcon_meta']
[0.766s] Level 1:colcon.colcon_core.package_identification:_identify(src/hand_control) by extension 'colcon_meta'
[0.766s] Level 1:colcon.colcon_core.package_identification:_identify(src/hand_control) by extensions ['ros']
[0.767s] Level 1:colcon.colcon_core.package_identification:_identify(src/hand_control) by extension 'ros'
[0.773s] DEBUG:colcon.colcon_core.package_identification:Package 'src/hand_control' with type 'ros.ament_cmake' and name 'hand_control'
[0.773s] Level 1:colcon.colcon_core.package_discovery:discover_packages(recursive) using defaults
[0.773s] Level 1:colcon.colcon_core.package_discovery:discover_packages(ignore) discover
[0.773s] Level 1:colcon.colcon_core.package_discovery:discover_packages(ignore) using defaults
[0.773s] Level 1:colcon.colcon_core.package_discovery:discover_packages(path) discover
[0.773s] Level 1:colcon.colcon_core.package_discovery:discover_packages(path) using defaults
[0.821s] Level 1:colcon.colcon_core.package_discovery:discover_packages(prefix_path) check parameters
[0.821s] Level 1:colcon.colcon_core.package_discovery:discover_packages(prefix_path) discover
[0.826s] DEBUG:colcon.colcon_installed_package_information.package_discovery:Found 1 installed packages in /home/ti5robot/hand_control_ws/install
[0.829s] DEBUG:colcon.colcon_installed_package_information.package_discovery:Found 276 installed packages in /opt/ros/humble
[0.834s] Level 1:colcon.colcon_core.package_discovery:discover_packages(prefix_path) using defaults
[0.974s] Level 5:colcon.colcon_core.verb:set package 'hand_control' build argument 'cmake_args' from command line to 'None'
[0.974s] Level 5:colcon.colcon_core.verb:set package 'hand_control' build argument 'cmake_target' from command line to 'None'
[0.975s] Level 5:colcon.colcon_core.verb:set package 'hand_control' build argument 'cmake_target_skip_unavailable' from command line to 'False'
[0.975s] Level 5:colcon.colcon_core.verb:set package 'hand_control' build argument 'cmake_clean_cache' from command line to 'False'
[0.975s] Level 5:colcon.colcon_core.verb:set package 'hand_control' build argument 'cmake_clean_first' from command line to 'False'
[0.975s] Level 5:colcon.colcon_core.verb:set package 'hand_control' build argument 'cmake_force_configure' from command line to 'False'
[0.975s] Level 5:colcon.colcon_core.verb:set package 'hand_control' build argument 'ament_cmake_args' from command line to 'None'
[0.975s] Level 5:colcon.colcon_core.verb:set package 'hand_control' build argument 'catkin_cmake_args' from command line to 'None'
[0.975s] Level 5:colcon.colcon_core.verb:set package 'hand_control' build argument 'catkin_skip_building_tests' from command line to 'False'
[0.975s] DEBUG:colcon.colcon_core.verb:Building package 'hand_control' with the following arguments: {'ament_cmake_args': None, 'build_base': '/home/ti5robot/hand_control_ws/build/hand_control', 'catkin_cmake_args': None, 'catkin_skip_building_tests': False, 'cmake_args': None, 'cmake_clean_cache': False, 'cmake_clean_first': False, 'cmake_force_configure': False, 'cmake_target': None, 'cmake_target_skip_unavailable': False, 'install_base': '/home/ti5robot/hand_control_ws/install/hand_control', 'merge_install': False, 'path': '/home/ti5robot/hand_control_ws/src/hand_control', 'symlink_install': False, 'test_result_base': None}
[0.975s] INFO:colcon.colcon_core.executor:Executing jobs using 'parallel' executor
[0.978s] DEBUG:colcon.colcon_parallel_executor.executor.parallel:run_until_complete
[0.978s] INFO:colcon.colcon_ros.task.ament_cmake.build:Building ROS package in '/home/ti5robot/hand_control_ws/src/hand_control' with build type 'ament_cmake'
[0.979s] INFO:colcon.colcon_cmake.task.cmake.build:Building CMake package in '/home/ti5robot/hand_control_ws/src/hand_control'
[0.985s] INFO:colcon.colcon_core.plugin_system:Skipping extension 'colcon_core.shell.bat': Not used on non-Windows systems
[0.986s] INFO:colcon.colcon_core.shell:Skip shell extension 'powershell' for command environment: Not usable outside of PowerShell
[0.986s] DEBUG:colcon.colcon_core.shell:Skip shell extension 'dsv' for command environment
[1.002s] DEBUG:colcon.colcon_core.event_handler.log_command:Invoking command in '/home/ti5robot/hand_control_ws/build/hand_control': CMAKE_PREFIX_PATH=${CMAKE_PREFIX_PATH}:/opt/ros/humble /usr/bin/cmake --build /home/ti5robot/hand_control_ws/build/hand_control -- -j6 -l6
[20.316s] DEBUG:colcon.colcon_core.event_handler.log_command:Invoked command in '/home/ti5robot/hand_control_ws/build/hand_control' returned '0': CMAKE_PREFIX_PATH=${CMAKE_PREFIX_PATH}:/opt/ros/humble /usr/bin/cmake --build /home/ti5robot/hand_control_ws/build/hand_control -- -j6 -l6
[20.345s] DEBUG:colcon.colcon_core.event_handler.log_command:Invoking command in '/home/ti5robot/hand_control_ws/build/hand_control': CMAKE_PREFIX_PATH=${CMAKE_PREFIX_PATH}:/opt/ros/humble /usr/bin/cmake --install /home/ti5robot/hand_control_ws/build/hand_control
[20.424s] Level 1:colcon.colcon_core.environment:create_environment_scripts_only(hand_control)
[20.425s] DEBUG:colcon.colcon_core.event_handler.log_command:Invoked command in '/home/ti5robot/hand_control_ws/build/hand_control' returned '0': CMAKE_PREFIX_PATH=${CMAKE_PREFIX_PATH}:/opt/ros/humble /usr/bin/cmake --install /home/ti5robot/hand_control_ws/build/hand_control
[20.434s] Level 1:colcon.colcon_core.environment:checking '/home/ti5robot/hand_control_ws/install/hand_control' for CMake module files
[20.437s] Level 1:colcon.colcon_core.environment:checking '/home/ti5robot/hand_control_ws/install/hand_control' for CMake config files
[20.439s] Level 1:colcon.colcon_core.shell:create_environment_hook('hand_control', 'cmake_prefix_path')
[20.440s] INFO:colcon.colcon_core.shell:Creating environment hook '/home/ti5robot/hand_control_ws/install/hand_control/share/hand_control/hook/cmake_prefix_path.ps1'
[20.442s] INFO:colcon.colcon_core.shell:Creating environment descriptor '/home/ti5robot/hand_control_ws/install/hand_control/share/hand_control/hook/cmake_prefix_path.dsv'
[20.444s] INFO:colcon.colcon_core.shell:Creating environment hook '/home/ti5robot/hand_control_ws/install/hand_control/share/hand_control/hook/cmake_prefix_path.sh'
[20.448s] Level 1:colcon.colcon_core.environment:checking '/home/ti5robot/hand_control_ws/install/hand_control/lib'
[20.448s] Level 1:colcon.colcon_core.environment:checking '/home/ti5robot/hand_control_ws/install/hand_control/bin'
[20.449s] Level 1:colcon.colcon_core.environment:checking '/home/ti5robot/hand_control_ws/install/hand_control/lib/pkgconfig/hand_control.pc'
[20.450s] Level 1:colcon.colcon_core.environment:checking '/home/ti5robot/hand_control_ws/install/hand_control/lib/python3.10/site-packages'
[20.450s] Level 1:colcon.colcon_core.environment:checking '/home/ti5robot/hand_control_ws/install/hand_control/bin'
[20.451s] INFO:colcon.colcon_core.shell:Creating package script '/home/ti5robot/hand_control_ws/install/hand_control/share/hand_control/package.ps1'
[20.455s] INFO:colcon.colcon_core.shell:Creating package descriptor '/home/ti5robot/hand_control_ws/install/hand_control/share/hand_control/package.dsv'
[20.456s] INFO:colcon.colcon_core.shell:Creating package script '/home/ti5robot/hand_control_ws/install/hand_control/share/hand_control/package.sh'
[20.459s] INFO:colcon.colcon_core.shell:Creating package script '/home/ti5robot/hand_control_ws/install/hand_control/share/hand_control/package.bash'
[20.462s] INFO:colcon.colcon_core.shell:Creating package script '/home/ti5robot/hand_control_ws/install/hand_control/share/hand_control/package.zsh'
[20.465s] Level 1:colcon.colcon_core.environment:create_file_with_runtime_dependencies(/home/ti5robot/hand_control_ws/install/hand_control/share/colcon-core/packages/hand_control)
[20.468s] Level 1:colcon.colcon_core.environment:create_environment_scripts_only(hand_control)
[20.468s] Level 1:colcon.colcon_core.environment:checking '/home/ti5robot/hand_control_ws/install/hand_control' for CMake module files
[20.470s] Level 1:colcon.colcon_core.environment:checking '/home/ti5robot/hand_control_ws/install/hand_control' for CMake config files
[20.472s] Level 1:colcon.colcon_core.shell:create_environment_hook('hand_control', 'cmake_prefix_path')
[20.473s] INFO:colcon.colcon_core.shell:Creating environment hook '/home/ti5robot/hand_control_ws/install/hand_control/share/hand_control/hook/cmake_prefix_path.ps1'
[20.474s] INFO:colcon.colcon_core.shell:Creating environment descriptor '/home/ti5robot/hand_control_ws/install/hand_control/share/hand_control/hook/cmake_prefix_path.dsv'
[20.475s] INFO:colcon.colcon_core.shell:Creating environment hook '/home/ti5robot/hand_control_ws/install/hand_control/share/hand_control/hook/cmake_prefix_path.sh'
[20.478s] Level 1:colcon.colcon_core.environment:checking '/home/ti5robot/hand_control_ws/install/hand_control/lib'
[20.478s] Level 1:colcon.colcon_core.environment:checking '/home/ti5robot/hand_control_ws/install/hand_control/bin'
[20.478s] Level 1:colcon.colcon_core.environment:checking '/home/ti5robot/hand_control_ws/install/hand_control/lib/pkgconfig/hand_control.pc'
[20.479s] Level 1:colcon.colcon_core.environment:checking '/home/ti5robot/hand_control_ws/install/hand_control/lib/python3.10/site-packages'
[20.479s] Level 1:colcon.colcon_core.environment:checking '/home/ti5robot/hand_control_ws/install/hand_control/bin'
[20.480s] INFO:colcon.colcon_core.shell:Creating package script '/home/ti5robot/hand_control_ws/install/hand_control/share/hand_control/package.ps1'
[20.482s] INFO:colcon.colcon_core.shell:Creating package descriptor '/home/ti5robot/hand_control_ws/install/hand_control/share/hand_control/package.dsv'
[20.484s] INFO:colcon.colcon_core.shell:Creating package script '/home/ti5robot/hand_control_ws/install/hand_control/share/hand_control/package.sh'
[20.485s] INFO:colcon.colcon_core.shell:Creating package script '/home/ti5robot/hand_control_ws/install/hand_control/share/hand_control/package.bash'
[20.487s] INFO:colcon.colcon_core.shell:Creating package script '/home/ti5robot/hand_control_ws/install/hand_control/share/hand_control/package.zsh'
[20.488s] Level 1:colcon.colcon_core.environment:create_file_with_runtime_dependencies(/home/ti5robot/hand_control_ws/install/hand_control/share/colcon-core/packages/hand_control)
[20.489s] DEBUG:colcon.colcon_parallel_executor.executor.parallel:closing loop
[20.490s] DEBUG:colcon.colcon_parallel_executor.executor.parallel:loop closed
[20.490s] DEBUG:colcon.colcon_parallel_executor.executor.parallel:run_until_complete finished with '0'
[20.491s] DEBUG:colcon.colcon_core.event_reactor:joining thread
[20.504s] INFO:colcon.colcon_core.plugin_system:Skipping extension 'colcon_notification.desktop_notification.terminal_notifier': Not used on non-Darwin systems
[20.504s] INFO:colcon.colcon_core.plugin_system:Skipping extension 'colcon_notification.desktop_notification.win32': Not used on non-Windows systems
[20.504s] INFO:colcon.colcon_notification.desktop_notification:Sending desktop notification using 'notify2'
[20.555s] DEBUG:colcon.colcon_core.event_reactor:joined thread
[20.556s] INFO:colcon.colcon_core.shell:Creating prefix script '/home/ti5robot/hand_control_ws/install/local_setup.ps1'
[20.559s] INFO:colcon.colcon_core.shell:Creating prefix util module '/home/ti5robot/hand_control_ws/install/_local_setup_util_ps1.py'
[20.562s] INFO:colcon.colcon_core.shell:Creating prefix chain script '/home/ti5robot/hand_control_ws/install/setup.ps1'
[20.565s] INFO:colcon.colcon_core.shell:Creating prefix script '/home/ti5robot/hand_control_ws/install/local_setup.sh'
[20.567s] INFO:colcon.colcon_core.shell:Creating prefix util module '/home/ti5robot/hand_control_ws/install/_local_setup_util_sh.py'
[20.568s] INFO:colcon.colcon_core.shell:Creating prefix chain script '/home/ti5robot/hand_control_ws/install/setup.sh'
[20.571s] INFO:colcon.colcon_core.shell:Creating prefix script '/home/ti5robot/hand_control_ws/install/local_setup.bash'
[20.573s] INFO:colcon.colcon_core.shell:Creating prefix chain script '/home/ti5robot/hand_control_ws/install/setup.bash'
[20.575s] INFO:colcon.colcon_core.shell:Creating prefix script '/home/ti5robot/hand_control_ws/install/local_setup.zsh'
[20.576s] INFO:colcon.colcon_core.shell:Creating prefix chain script '/home/ti5robot/hand_control_ws/install/setup.zsh'
