[0.030s] Invoking command in '/home/ti5robot/hand_control_ws/build/hand_control': CMAKE_PREFIX_PATH=${CMAKE_PREFIX_PATH}:/opt/ros/humble /usr/bin/cmake --build /home/ti5robot/hand_control_ws/build/hand_control -- -j6 -l6
[0.142s] [35m[1mConsolidate compiler generated dependencies of target hand_control_node[0m
[0.175s] [ 33%] Built target keyboard_publisher
[0.178s] [ 66%] Built target hand_control_node2
[0.205s] [ 83%] [32mBuilding CXX object CMakeFiles/hand_control_node.dir/src/hand_control_node.cpp.o[0m
[19.887s] [100%] [32m[1mLinking CXX executable hand_control_node[0m
[20.787s] [100%] Built target hand_control_node
[20.815s] Invoked command in '/home/ti5robot/hand_control_ws/build/hand_control' returned '0': CMAKE_PREFIX_PATH=${CMAKE_PREFIX_PATH}:/opt/ros/humble /usr/bin/cmake --build /home/ti5robot/hand_control_ws/build/hand_control -- -j6 -l6
[20.838s] Invoking command in '/home/ti5robot/hand_control_ws/build/hand_control': CMAKE_PREFIX_PATH=${CMAKE_PREFIX_PATH}:/opt/ros/humble /usr/bin/cmake --install /home/ti5robot/hand_control_ws/build/hand_control
[20.854s] -- Install configuration: ""
[20.855s] -- Execute custom install script
[20.856s] -- Up-to-date symlink: /home/ti5robot/hand_control_ws/install/hand_control/lib/hand_control/hand_control_node
[20.858s] -- Up-to-date symlink: /home/ti5robot/hand_control_ws/install/hand_control/lib/hand_control/hand_control_node2
[20.858s] -- Up-to-date symlink: /home/ti5robot/hand_control_ws/install/hand_control/lib/hand_control/keyboard_publisher
[20.858s] -- Up-to-date symlink: /home/ti5robot/hand_control_ws/install/hand_control/share/ament_index/resource_index/package_run_dependencies/hand_control
[20.858s] -- Up-to-date symlink: /home/ti5robot/hand_control_ws/install/hand_control/share/ament_index/resource_index/parent_prefix_path/hand_control
[20.859s] -- Up-to-date symlink: /home/ti5robot/hand_control_ws/install/hand_control/share/hand_control/environment/ament_prefix_path.sh
[20.859s] -- Up-to-date symlink: /home/ti5robot/hand_control_ws/install/hand_control/share/hand_control/environment/ament_prefix_path.dsv
[20.859s] -- Up-to-date symlink: /home/ti5robot/hand_control_ws/install/hand_control/share/hand_control/environment/path.sh
[20.859s] -- Up-to-date symlink: /home/ti5robot/hand_control_ws/install/hand_control/share/hand_control/environment/path.dsv
[20.859s] -- Up-to-date symlink: /home/ti5robot/hand_control_ws/install/hand_control/share/hand_control/local_setup.bash
[20.859s] -- Up-to-date symlink: /home/ti5robot/hand_control_ws/install/hand_control/share/hand_control/local_setup.sh
[20.860s] -- Up-to-date symlink: /home/ti5robot/hand_control_ws/install/hand_control/share/hand_control/local_setup.zsh
[20.860s] -- Up-to-date symlink: /home/ti5robot/hand_control_ws/install/hand_control/share/hand_control/local_setup.dsv
[20.860s] -- Symlinking: /home/ti5robot/hand_control_ws/install/hand_control/share/hand_control/package.dsv
[20.881s] -- Up-to-date symlink: /home/ti5robot/hand_control_ws/install/hand_control/share/ament_index/resource_index/packages/hand_control
[20.881s] -- Up-to-date symlink: /home/ti5robot/hand_control_ws/install/hand_control/share/hand_control/cmake/ament_cmake_export_dependencies-extras.cmake
[20.881s] -- Up-to-date symlink: /home/ti5robot/hand_control_ws/install/hand_control/share/hand_control/cmake/hand_controlConfig.cmake
[20.882s] -- Up-to-date symlink: /home/ti5robot/hand_control_ws/install/hand_control/share/hand_control/cmake/hand_controlConfig-version.cmake
[20.882s] -- Up-to-date symlink: /home/ti5robot/hand_control_ws/install/hand_control/share/hand_control/package.xml
[20.889s] Invoked command in '/home/ti5robot/hand_control_ws/build/hand_control' returned '0': CMAKE_PREFIX_PATH=${CMAKE_PREFIX_PATH}:/opt/ros/humble /usr/bin/cmake --install /home/ti5robot/hand_control_ws/build/hand_control
