[0.217s] DEBUG:colcon:Command line arguments: ['/usr/bin/colcon', 'build', '--packages-select', 'hand_angle']
[0.217s] DEBUG:colcon:Parsed command line arguments: Namespace(log_base=None, log_level=None, verb_name='build', build_base='build', install_base='install', merge_install=False, symlink_install=False, test_result_base=None, continue_on_error=False, executor='parallel', parallel_workers=6, event_handlers=None, ignore_user_meta=False, metas=['./colcon.meta'], base_paths=['.'], packages_ignore=None, packages_ignore_regex=None, paths=None, packages_up_to=None, packages_up_to_regex=None, packages_above=None, packages_above_and_dependencies=None, packages_above_depth=None, packages_select_by_dep=None, packages_skip_by_dep=None, packages_skip_up_to=None, packages_select_build_failed=False, packages_skip_build_finished=False, packages_select_test_failures=False, packages_skip_test_passed=False, packages_select=['hand_angle'], packages_skip=None, packages_select_regex=None, packages_skip_regex=None, packages_start=None, packages_end=None, allow_overriding=[], cmake_args=None, cmake_target=None, cmake_target_skip_unavailable=False, cmake_clean_cache=False, cmake_clean_first=False, cmake_force_configure=False, ament_cmake_args=None, catkin_cmake_args=None, catkin_skip_building_tests=False, verb_parser=<colcon_defaults.argument_parser.defaults.DefaultArgumentsDecorator object at 0xffffb3527910>, verb_extension=<colcon_core.verb.build.BuildVerb object at 0xffffb3527010>, main=<bound method BuildVerb.main of <colcon_core.verb.build.BuildVerb object at 0xffffb3527010>>)
[0.544s] Level 1:colcon.colcon_core.package_discovery:discover_packages(colcon_meta) check parameters
[0.545s] Level 1:colcon.colcon_core.package_discovery:discover_packages(recursive) check parameters
[0.545s] Level 1:colcon.colcon_core.package_discovery:discover_packages(ignore) check parameters
[0.545s] Level 1:colcon.colcon_core.package_discovery:discover_packages(path) check parameters
[0.545s] Level 1:colcon.colcon_core.package_discovery:discover_packages(colcon_meta) discover
[0.545s] Level 1:colcon.colcon_core.package_discovery:discover_packages(recursive) discover
[0.545s] INFO:colcon.colcon_core.package_discovery:Crawling recursively for packages in '/home/ti5robot/hand_angle_ws'
[0.545s] Level 1:colcon.colcon_core.package_identification:_identify(.) by extensions ['ignore', 'ignore_ament_install']
[0.546s] Level 1:colcon.colcon_core.package_identification:_identify(.) by extension 'ignore'
[0.546s] Level 1:colcon.colcon_core.package_identification:_identify(.) by extension 'ignore_ament_install'
[0.546s] Level 1:colcon.colcon_core.package_identification:_identify(.) by extensions ['colcon_pkg']
[0.546s] Level 1:colcon.colcon_core.package_identification:_identify(.) by extension 'colcon_pkg'
[0.546s] Level 1:colcon.colcon_core.package_identification:_identify(.) by extensions ['colcon_meta']
[0.546s] Level 1:colcon.colcon_core.package_identification:_identify(.) by extension 'colcon_meta'
[0.546s] Level 1:colcon.colcon_core.package_identification:_identify(.) by extensions ['ros']
[0.546s] Level 1:colcon.colcon_core.package_identification:_identify(.) by extension 'ros'
[0.571s] Level 1:colcon.colcon_core.package_identification:_identify(.) by extensions ['cmake', 'python']
[0.571s] Level 1:colcon.colcon_core.package_identification:_identify(.) by extension 'cmake'
[0.571s] Level 1:colcon.colcon_core.package_identification:_identify(.) by extension 'python'
[0.571s] Level 1:colcon.colcon_core.package_identification:_identify(.) by extensions ['python_setup_py']
[0.571s] Level 1:colcon.colcon_core.package_identification:_identify(.) by extension 'python_setup_py'
[0.572s] Level 1:colcon.colcon_core.package_identification:_identify(build) by extensions ['ignore', 'ignore_ament_install']
[0.572s] Level 1:colcon.colcon_core.package_identification:_identify(build) by extension 'ignore'
[0.572s] Level 1:colcon.colcon_core.package_identification:_identify(build) ignored
[0.572s] Level 1:colcon.colcon_core.package_identification:_identify(install) by extensions ['ignore', 'ignore_ament_install']
[0.573s] Level 1:colcon.colcon_core.package_identification:_identify(install) by extension 'ignore'
[0.573s] Level 1:colcon.colcon_core.package_identification:_identify(install) ignored
[0.573s] Level 1:colcon.colcon_core.package_identification:_identify(log) by extensions ['ignore', 'ignore_ament_install']
[0.573s] Level 1:colcon.colcon_core.package_identification:_identify(log) by extension 'ignore'
[0.573s] Level 1:colcon.colcon_core.package_identification:_identify(log) ignored
[0.573s] Level 1:colcon.colcon_core.package_identification:_identify(src) by extensions ['ignore', 'ignore_ament_install']
[0.574s] Level 1:colcon.colcon_core.package_identification:_identify(src) by extension 'ignore'
[0.574s] Level 1:colcon.colcon_core.package_identification:_identify(src) by extension 'ignore_ament_install'
[0.574s] Level 1:colcon.colcon_core.package_identification:_identify(src) by extensions ['colcon_pkg']
[0.574s] Level 1:colcon.colcon_core.package_identification:_identify(src) by extension 'colcon_pkg'
[0.574s] Level 1:colcon.colcon_core.package_identification:_identify(src) by extensions ['colcon_meta']
[0.574s] Level 1:colcon.colcon_core.package_identification:_identify(src) by extension 'colcon_meta'
[0.574s] Level 1:colcon.colcon_core.package_identification:_identify(src) by extensions ['ros']
[0.574s] Level 1:colcon.colcon_core.package_identification:_identify(src) by extension 'ros'
[0.574s] Level 1:colcon.colcon_core.package_identification:_identify(src) by extensions ['cmake', 'python']
[0.575s] Level 1:colcon.colcon_core.package_identification:_identify(src) by extension 'cmake'
[0.575s] Level 1:colcon.colcon_core.package_identification:_identify(src) by extension 'python'
[0.575s] Level 1:colcon.colcon_core.package_identification:_identify(src) by extensions ['python_setup_py']
[0.575s] Level 1:colcon.colcon_core.package_identification:_identify(src) by extension 'python_setup_py'
[0.575s] Level 1:colcon.colcon_core.package_identification:_identify(src/hand_angle) by extensions ['ignore', 'ignore_ament_install']
[0.575s] Level 1:colcon.colcon_core.package_identification:_identify(src/hand_angle) by extension 'ignore'
[0.575s] Level 1:colcon.colcon_core.package_identification:_identify(src/hand_angle) by extension 'ignore_ament_install'
[0.575s] Level 1:colcon.colcon_core.package_identification:_identify(src/hand_angle) by extensions ['colcon_pkg']
[0.575s] Level 1:colcon.colcon_core.package_identification:_identify(src/hand_angle) by extension 'colcon_pkg'
[0.576s] Level 1:colcon.colcon_core.package_identification:_identify(src/hand_angle) by extensions ['colcon_meta']
[0.576s] Level 1:colcon.colcon_core.package_identification:_identify(src/hand_angle) by extension 'colcon_meta'
[0.576s] Level 1:colcon.colcon_core.package_identification:_identify(src/hand_angle) by extensions ['ros']
[0.576s] Level 1:colcon.colcon_core.package_identification:_identify(src/hand_angle) by extension 'ros'
[0.581s] DEBUG:colcon.colcon_core.package_identification:Package 'src/hand_angle' with type 'ros.ament_cmake' and name 'hand_angle'
[0.581s] Level 1:colcon.colcon_core.package_discovery:discover_packages(recursive) using defaults
[0.581s] Level 1:colcon.colcon_core.package_discovery:discover_packages(ignore) discover
[0.581s] Level 1:colcon.colcon_core.package_discovery:discover_packages(ignore) using defaults
[0.581s] Level 1:colcon.colcon_core.package_discovery:discover_packages(path) discover
[0.581s] Level 1:colcon.colcon_core.package_discovery:discover_packages(path) using defaults
[0.620s] Level 1:colcon.colcon_core.package_discovery:discover_packages(prefix_path) check parameters
[0.620s] Level 1:colcon.colcon_core.package_discovery:discover_packages(prefix_path) discover
[0.623s] DEBUG:colcon.colcon_installed_package_information.package_discovery:Found 1 installed packages in /home/ti5robot/hand_angle_ws/install
[0.626s] DEBUG:colcon.colcon_installed_package_information.package_discovery:Found 276 installed packages in /opt/ros/humble
[0.630s] Level 1:colcon.colcon_core.package_discovery:discover_packages(prefix_path) using defaults
[0.733s] Level 5:colcon.colcon_core.verb:set package 'hand_angle' build argument 'cmake_args' from command line to 'None'
[0.734s] Level 5:colcon.colcon_core.verb:set package 'hand_angle' build argument 'cmake_target' from command line to 'None'
[0.734s] Level 5:colcon.colcon_core.verb:set package 'hand_angle' build argument 'cmake_target_skip_unavailable' from command line to 'False'
[0.734s] Level 5:colcon.colcon_core.verb:set package 'hand_angle' build argument 'cmake_clean_cache' from command line to 'False'
[0.734s] Level 5:colcon.colcon_core.verb:set package 'hand_angle' build argument 'cmake_clean_first' from command line to 'False'
[0.734s] Level 5:colcon.colcon_core.verb:set package 'hand_angle' build argument 'cmake_force_configure' from command line to 'False'
[0.734s] Level 5:colcon.colcon_core.verb:set package 'hand_angle' build argument 'ament_cmake_args' from command line to 'None'
[0.734s] Level 5:colcon.colcon_core.verb:set package 'hand_angle' build argument 'catkin_cmake_args' from command line to 'None'
[0.734s] Level 5:colcon.colcon_core.verb:set package 'hand_angle' build argument 'catkin_skip_building_tests' from command line to 'False'
[0.734s] DEBUG:colcon.colcon_core.verb:Building package 'hand_angle' with the following arguments: {'ament_cmake_args': None, 'build_base': '/home/ti5robot/hand_angle_ws/build/hand_angle', 'catkin_cmake_args': None, 'catkin_skip_building_tests': False, 'cmake_args': None, 'cmake_clean_cache': False, 'cmake_clean_first': False, 'cmake_force_configure': False, 'cmake_target': None, 'cmake_target_skip_unavailable': False, 'install_base': '/home/ti5robot/hand_angle_ws/install/hand_angle', 'merge_install': False, 'path': '/home/ti5robot/hand_angle_ws/src/hand_angle', 'symlink_install': False, 'test_result_base': None}
[0.735s] INFO:colcon.colcon_core.executor:Executing jobs using 'parallel' executor
[0.737s] DEBUG:colcon.colcon_parallel_executor.executor.parallel:run_until_complete
[0.737s] INFO:colcon.colcon_ros.task.ament_cmake.build:Building ROS package in '/home/ti5robot/hand_angle_ws/src/hand_angle' with build type 'ament_cmake'
[0.738s] INFO:colcon.colcon_cmake.task.cmake.build:Building CMake package in '/home/ti5robot/hand_angle_ws/src/hand_angle'
[0.742s] INFO:colcon.colcon_core.plugin_system:Skipping extension 'colcon_core.shell.bat': Not used on non-Windows systems
[0.742s] INFO:colcon.colcon_core.shell:Skip shell extension 'powershell' for command environment: Not usable outside of PowerShell
[0.742s] DEBUG:colcon.colcon_core.shell:Skip shell extension 'dsv' for command environment
[0.756s] DEBUG:colcon.colcon_core.event_handler.log_command:Invoking command in '/home/ti5robot/hand_angle_ws/build/hand_angle': CMAKE_PREFIX_PATH=${CMAKE_PREFIX_PATH}:/opt/ros/humble /usr/bin/cmake /home/ti5robot/hand_angle_ws/src/hand_angle -DCMAKE_INSTALL_PREFIX=/home/ti5robot/hand_angle_ws/install/hand_angle
[1.697s] DEBUG:colcon.colcon_core.event_handler.log_command:Invoked command in '/home/ti5robot/hand_angle_ws/build/hand_angle' returned '1': CMAKE_PREFIX_PATH=${CMAKE_PREFIX_PATH}:/opt/ros/humble /usr/bin/cmake /home/ti5robot/hand_angle_ws/src/hand_angle -DCMAKE_INSTALL_PREFIX=/home/ti5robot/hand_angle_ws/install/hand_angle
[1.724s] Level 1:colcon.colcon_core.environment:create_environment_scripts_only(hand_angle)
[1.733s] Level 1:colcon.colcon_core.environment:checking '/home/ti5robot/hand_angle_ws/install/hand_angle' for CMake module files
[1.735s] Level 1:colcon.colcon_core.environment:checking '/home/ti5robot/hand_angle_ws/install/hand_angle' for CMake config files
[1.736s] Level 1:colcon.colcon_core.environment:checking '/home/ti5robot/hand_angle_ws/install/hand_angle/bin'
[1.737s] Level 1:colcon.colcon_core.environment:checking '/home/ti5robot/hand_angle_ws/install/hand_angle/lib/pkgconfig/hand_angle.pc'
[1.738s] Level 1:colcon.colcon_core.environment:checking '/home/ti5robot/hand_angle_ws/install/hand_angle/lib/python3.10/site-packages'
[1.738s] Level 1:colcon.colcon_core.environment:checking '/home/ti5robot/hand_angle_ws/install/hand_angle/bin'
[1.739s] INFO:colcon.colcon_core.shell:Creating package script '/home/ti5robot/hand_angle_ws/install/hand_angle/share/hand_angle/package.ps1'
[1.742s] INFO:colcon.colcon_core.shell:Creating package descriptor '/home/ti5robot/hand_angle_ws/install/hand_angle/share/hand_angle/package.dsv'
[1.744s] INFO:colcon.colcon_core.shell:Creating package script '/home/ti5robot/hand_angle_ws/install/hand_angle/share/hand_angle/package.sh'
[1.746s] INFO:colcon.colcon_core.shell:Creating package script '/home/ti5robot/hand_angle_ws/install/hand_angle/share/hand_angle/package.bash'
[1.749s] INFO:colcon.colcon_core.shell:Creating package script '/home/ti5robot/hand_angle_ws/install/hand_angle/share/hand_angle/package.zsh'
[1.751s] Level 1:colcon.colcon_core.environment:create_file_with_runtime_dependencies(/home/ti5robot/hand_angle_ws/install/hand_angle/share/colcon-core/packages/hand_angle)
[1.763s] DEBUG:colcon.colcon_parallel_executor.executor.parallel:closing loop
[1.764s] DEBUG:colcon.colcon_parallel_executor.executor.parallel:loop closed
[1.764s] DEBUG:colcon.colcon_parallel_executor.executor.parallel:run_until_complete finished with '1'
[1.764s] DEBUG:colcon.colcon_core.event_reactor:joining thread
[1.782s] INFO:colcon.colcon_core.plugin_system:Skipping extension 'colcon_notification.desktop_notification.terminal_notifier': Not used on non-Darwin systems
[1.782s] INFO:colcon.colcon_core.plugin_system:Skipping extension 'colcon_notification.desktop_notification.win32': Not used on non-Windows systems
[1.783s] INFO:colcon.colcon_notification.desktop_notification:Sending desktop notification using 'notify2'
[1.816s] DEBUG:colcon.colcon_core.event_reactor:joined thread
[1.817s] INFO:colcon.colcon_core.shell:Creating prefix script '/home/ti5robot/hand_angle_ws/install/local_setup.ps1'
[1.820s] INFO:colcon.colcon_core.shell:Creating prefix util module '/home/ti5robot/hand_angle_ws/install/_local_setup_util_ps1.py'
[1.825s] INFO:colcon.colcon_core.shell:Creating prefix chain script '/home/ti5robot/hand_angle_ws/install/setup.ps1'
[1.828s] INFO:colcon.colcon_core.shell:Creating prefix script '/home/ti5robot/hand_angle_ws/install/local_setup.sh'
[1.830s] INFO:colcon.colcon_core.shell:Creating prefix util module '/home/ti5robot/hand_angle_ws/install/_local_setup_util_sh.py'
[1.832s] INFO:colcon.colcon_core.shell:Creating prefix chain script '/home/ti5robot/hand_angle_ws/install/setup.sh'
[1.836s] INFO:colcon.colcon_core.shell:Creating prefix script '/home/ti5robot/hand_angle_ws/install/local_setup.bash'
[1.838s] INFO:colcon.colcon_core.shell:Creating prefix chain script '/home/ti5robot/hand_angle_ws/install/setup.bash'
[1.841s] INFO:colcon.colcon_core.shell:Creating prefix script '/home/ti5robot/hand_angle_ws/install/local_setup.zsh'
[1.842s] INFO:colcon.colcon_core.shell:Creating prefix chain script '/home/ti5robot/hand_angle_ws/install/setup.zsh'
