[0.021s] Invoking command in '/home/ti5robot/hand_control_ws/build/hand_control': CMAKE_PREFIX_PATH=${CMAKE_PREFIX_PATH}:/opt/ros/humble /usr/bin/cmake --build /home/ti5robot/hand_control_ws/build/hand_control -- -j6 -l6
[0.131s] [35m[1mConsolidate compiler generated dependencies of target hand_control_node[0m
[0.166s] [ 33%] Built target hand_control_node2
[0.169s] [ 66%] Built target keyboard_publisher
[0.171s] [ 83%] [32mBuilding CXX object CMakeFiles/hand_control_node.dir/src/hand_control_node.cpp.o[0m
[18.550s] [100%] [32m[1mLinking CXX executable hand_control_node[0m
[19.373s] [100%] Built target hand_control_node
[19.403s] Invoked command in '/home/ti5robot/hand_control_ws/build/hand_control' returned '0': CMAKE_PREFIX_PATH=${CMAKE_PREFIX_PATH}:/opt/ros/humble /usr/bin/cmake --build /home/ti5robot/hand_control_ws/build/hand_control -- -j6 -l6
[19.435s] Invoking command in '/home/ti5robot/hand_control_ws/build/hand_control': CMAKE_PREFIX_PATH=${CMAKE_PREFIX_PATH}:/opt/ros/humble /usr/bin/cmake --install /home/ti5robot/hand_control_ws/build/hand_control
[19.452s] -- Install configuration: ""
[19.454s] -- Execute custom install script
[19.454s] -- Up-to-date symlink: /home/ti5robot/hand_control_ws/install/hand_control/lib/hand_control/hand_control_node
[19.455s] -- Up-to-date symlink: /home/ti5robot/hand_control_ws/install/hand_control/lib/hand_control/hand_control_node2
[19.455s] -- Up-to-date symlink: /home/ti5robot/hand_control_ws/install/hand_control/lib/hand_control/keyboard_publisher
[19.455s] -- Up-to-date symlink: /home/ti5robot/hand_control_ws/install/hand_control/share/ament_index/resource_index/package_run_dependencies/hand_control
[19.456s] -- Up-to-date symlink: /home/ti5robot/hand_control_ws/install/hand_control/share/ament_index/resource_index/parent_prefix_path/hand_control
[19.456s] -- Up-to-date symlink: /home/ti5robot/hand_control_ws/install/hand_control/share/hand_control/environment/ament_prefix_path.sh
[19.457s] -- Up-to-date symlink: /home/ti5robot/hand_control_ws/install/hand_control/share/hand_control/environment/ament_prefix_path.dsv
[19.457s] -- Up-to-date symlink: /home/ti5robot/hand_control_ws/install/hand_control/share/hand_control/environment/path.sh
[19.457s] -- Up-to-date symlink: /home/ti5robot/hand_control_ws/install/hand_control/share/hand_control/environment/path.dsv
[19.458s] -- Up-to-date symlink: /home/ti5robot/hand_control_ws/install/hand_control/share/hand_control/local_setup.bash
[19.459s] -- Up-to-date symlink: /home/ti5robot/hand_control_ws/install/hand_control/share/hand_control/local_setup.sh
[19.459s] -- Up-to-date symlink: /home/ti5robot/hand_control_ws/install/hand_control/share/hand_control/local_setup.zsh
[19.459s] -- Up-to-date symlink: /home/ti5robot/hand_control_ws/install/hand_control/share/hand_control/local_setup.dsv
[19.459s] -- Symlinking: /home/ti5robot/hand_control_ws/install/hand_control/share/hand_control/package.dsv
[19.478s] -- Up-to-date symlink: /home/ti5robot/hand_control_ws/install/hand_control/share/ament_index/resource_index/packages/hand_control
[19.478s] -- Up-to-date symlink: /home/ti5robot/hand_control_ws/install/hand_control/share/hand_control/cmake/ament_cmake_export_dependencies-extras.cmake
[19.479s] -- Up-to-date symlink: /home/ti5robot/hand_control_ws/install/hand_control/share/hand_control/cmake/hand_controlConfig.cmake
[19.479s] -- Up-to-date symlink: /home/ti5robot/hand_control_ws/install/hand_control/share/hand_control/cmake/hand_controlConfig-version.cmake
[19.479s] -- Up-to-date symlink: /home/ti5robot/hand_control_ws/install/hand_control/share/hand_control/package.xml
[19.485s] Invoked command in '/home/ti5robot/hand_control_ws/build/hand_control' returned '0': CMAKE_PREFIX_PATH=${CMAKE_PREFIX_PATH}:/opt/ros/humble /usr/bin/cmake --install /home/ti5robot/hand_control_ws/build/hand_control
