-- Found ament_cmake: 1.3.11 (/opt/ros/humble/share/ament_cmake/cmake)
-- Found rclcpp: 16.0.12 (/opt/ros/humble/share/rclcpp/cmake)
-- Found rosidl_generator_c: 3.1.6 (/opt/ros/humble/share/rosidl_generator_c/cmake)
-- Found rosidl_adapter: 3.1.6 (/opt/ros/humble/share/rosidl_adapter/cmake)
-- Found rosidl_generator_cpp: 3.1.6 (/opt/ros/humble/share/rosidl_generator_cpp/cmake)
-- Using all available rosidl_typesupport_c: rosidl_typesupport_fastrtps_c;rosidl_typesupport_introspection_c
-- Using all available rosidl_typesupport_cpp: rosidl_typesupport_fastrtps_cpp;rosidl_typesupport_introspection_cpp
-- Found rmw_implementation_cmake: 6.1.2 (/opt/ros/humble/share/rmw_implementation_cmake/cmake)
-- Found rmw_fastrtps_cpp: 6.2.7 (/opt/ros/humble/share/rmw_fastrtps_cpp/cmake)
-- Using RMW implementation 'rmw_fastrtps_cpp' as default
-- Configuring done
-- Generating done
-- Build files have been written to: /home/ti5robot/hand_angle_ws/build/hand_angle
[35m[1mConsolidate compiler generated dependencies of target ude_server[0m
[ 33%] Built target ude_server
[35m[1mConsolidate compiler generated dependencies of target hand_angle_node[0m
[ 66%] [32mBuilding CXX object CMakeFiles/hand_angle_node.dir/src/hand_angle_node.cpp.o[0m
[100%] [32m[1mLinking CXX executable hand_angle_node[0m
[100%] Built target hand_angle_node
-- Install configuration: ""
-- Installing: /home/ti5robot/hand_angle_ws/install/hand_angle/lib/hand_angle/hand_angle_node
-- Set runtime path of "/home/ti5robot/hand_angle_ws/install/hand_angle/lib/hand_angle/hand_angle_node" to ""
-- Up-to-date: /home/ti5robot/hand_angle_ws/install/hand_angle/share/ament_index/resource_index/package_run_dependencies/hand_angle
-- Up-to-date: /home/ti5robot/hand_angle_ws/install/hand_angle/share/ament_index/resource_index/parent_prefix_path/hand_angle
-- Up-to-date: /home/ti5robot/hand_angle_ws/install/hand_angle/share/hand_angle/environment/ament_prefix_path.sh
-- Installing: /home/ti5robot/hand_angle_ws/install/hand_angle/share/hand_angle/environment/ament_prefix_path.dsv
-- Up-to-date: /home/ti5robot/hand_angle_ws/install/hand_angle/share/hand_angle/environment/path.sh
-- Installing: /home/ti5robot/hand_angle_ws/install/hand_angle/share/hand_angle/environment/path.dsv
-- Up-to-date: /home/ti5robot/hand_angle_ws/install/hand_angle/share/hand_angle/local_setup.bash
-- Up-to-date: /home/ti5robot/hand_angle_ws/install/hand_angle/share/hand_angle/local_setup.sh
-- Up-to-date: /home/ti5robot/hand_angle_ws/install/hand_angle/share/hand_angle/local_setup.zsh
-- Installing: /home/ti5robot/hand_angle_ws/install/hand_angle/share/hand_angle/local_setup.dsv
-- Installing: /home/ti5robot/hand_angle_ws/install/hand_angle/share/hand_angle/package.dsv
-- Up-to-date: /home/ti5robot/hand_angle_ws/install/hand_angle/share/ament_index/resource_index/packages/hand_angle
-- Up-to-date: /home/ti5robot/hand_angle_ws/install/hand_angle/share/hand_angle/cmake/hand_angleConfig.cmake
-- Up-to-date: /home/ti5robot/hand_angle_ws/install/hand_angle/share/hand_angle/cmake/hand_angleConfig-version.cmake
-- Up-to-date: /home/ti5robot/hand_angle_ws/install/hand_angle/share/hand_angle/package.xml
