[0.021s] Invoking command in '/home/ti5robot/hand_angle_ws/build/hand_angle': CMAKE_PREFIX_PATH=${CMAKE_PREFIX_PATH}:/opt/ros/humble /usr/bin/cmake --build /home/ti5robot/hand_angle_ws/build/hand_angle -- -j6 -l6
[0.078s] -- Found ament_cmake: 1.3.11 (/opt/ros/humble/share/ament_cmake/cmake)
[0.372s] -- Found rclcpp: 16.0.12 (/opt/ros/humble/share/rclcpp/cmake)
[0.444s] -- Found rosidl_generator_c: 3.1.6 (/opt/ros/humble/share/rosidl_generator_c/cmake)
[0.450s] -- Found rosidl_adapter: 3.1.6 (/opt/ros/humble/share/rosidl_adapter/cmake)
[0.463s] -- Found rosidl_generator_cpp: 3.1.6 (/opt/ros/humble/share/rosidl_generator_cpp/cmake)
[0.482s] -- Using all available rosidl_typesupport_c: rosidl_typesupport_fastrtps_c;rosidl_typesupport_introspection_c
[0.507s] -- Using all available rosidl_typesupport_cpp: rosidl_typesupport_fastrtps_cpp;rosidl_typesupport_introspection_cpp
[0.572s] -- Found rmw_implementation_cmake: 6.1.2 (/opt/ros/humble/share/rmw_implementation_cmake/cmake)
[0.575s] -- Found rmw_fastrtps_cpp: 6.2.7 (/opt/ros/humble/share/rmw_fastrtps_cpp/cmake)
[0.759s] -- Using RMW implementation 'rmw_fastrtps_cpp' as default
[1.001s] -- Configuring done
[1.032s] -- Generating done
[1.043s] -- Build files have been written to: /home/ti5robot/hand_angle_ws/build/hand_angle
[1.102s] [35m[1mConsolidate compiler generated dependencies of target ude_server[0m
[1.130s] [ 33%] Built target ude_server
[1.152s] [35m[1mConsolidate compiler generated dependencies of target hand_angle_node[0m
[1.189s] [ 66%] [32mBuilding CXX object CMakeFiles/hand_angle_node.dir/src/hand_angle_node.cpp.o[0m
[10.555s] [100%] [32m[1mLinking CXX executable hand_angle_node[0m
[10.970s] [100%] Built target hand_angle_node
[10.997s] Invoked command in '/home/ti5robot/hand_angle_ws/build/hand_angle' returned '0': CMAKE_PREFIX_PATH=${CMAKE_PREFIX_PATH}:/opt/ros/humble /usr/bin/cmake --build /home/ti5robot/hand_angle_ws/build/hand_angle -- -j6 -l6
[11.023s] Invoking command in '/home/ti5robot/hand_angle_ws/build/hand_angle': CMAKE_PREFIX_PATH=${CMAKE_PREFIX_PATH}:/opt/ros/humble /usr/bin/cmake --install /home/ti5robot/hand_angle_ws/build/hand_angle
[11.041s] -- Install configuration: ""
[11.041s] -- Installing: /home/ti5robot/hand_angle_ws/install/hand_angle/lib/hand_angle/hand_angle_node
[11.045s] -- Set runtime path of "/home/ti5robot/hand_angle_ws/install/hand_angle/lib/hand_angle/hand_angle_node" to ""
[11.046s] -- Up-to-date: /home/ti5robot/hand_angle_ws/install/hand_angle/share/ament_index/resource_index/package_run_dependencies/hand_angle
[11.046s] -- Up-to-date: /home/ti5robot/hand_angle_ws/install/hand_angle/share/ament_index/resource_index/parent_prefix_path/hand_angle
[11.046s] -- Up-to-date: /home/ti5robot/hand_angle_ws/install/hand_angle/share/hand_angle/environment/ament_prefix_path.sh
[11.046s] -- Installing: /home/ti5robot/hand_angle_ws/install/hand_angle/share/hand_angle/environment/ament_prefix_path.dsv
[11.047s] -- Up-to-date: /home/ti5robot/hand_angle_ws/install/hand_angle/share/hand_angle/environment/path.sh
[11.047s] -- Installing: /home/ti5robot/hand_angle_ws/install/hand_angle/share/hand_angle/environment/path.dsv
[11.047s] -- Up-to-date: /home/ti5robot/hand_angle_ws/install/hand_angle/share/hand_angle/local_setup.bash
[11.048s] -- Up-to-date: /home/ti5robot/hand_angle_ws/install/hand_angle/share/hand_angle/local_setup.sh
[11.048s] -- Up-to-date: /home/ti5robot/hand_angle_ws/install/hand_angle/share/hand_angle/local_setup.zsh
[11.048s] -- Installing: /home/ti5robot/hand_angle_ws/install/hand_angle/share/hand_angle/local_setup.dsv
[11.049s] -- Installing: /home/ti5robot/hand_angle_ws/install/hand_angle/share/hand_angle/package.dsv
[11.049s] -- Up-to-date: /home/ti5robot/hand_angle_ws/install/hand_angle/share/ament_index/resource_index/packages/hand_angle
[11.049s] -- Up-to-date: /home/ti5robot/hand_angle_ws/install/hand_angle/share/hand_angle/cmake/hand_angleConfig.cmake
[11.049s] -- Up-to-date: /home/ti5robot/hand_angle_ws/install/hand_angle/share/hand_angle/cmake/hand_angleConfig-version.cmake
[11.049s] -- Up-to-date: /home/ti5robot/hand_angle_ws/install/hand_angle/share/hand_angle/package.xml
[11.054s] Invoked command in '/home/ti5robot/hand_angle_ws/build/hand_angle' returned '0': CMAKE_PREFIX_PATH=${CMAKE_PREFIX_PATH}:/opt/ros/humble /usr/bin/cmake --install /home/ti5robot/hand_angle_ws/build/hand_angle
