[0.230s] DEBUG:colcon:Command line arguments: ['/usr/bin/colcon', 'build']
[0.231s] DEBUG:colcon:Parsed command line arguments: Namespace(log_base=None, log_level=None, verb_name='build', build_base='build', install_base='install', merge_install=False, symlink_install=False, test_result_base=None, continue_on_error=False, executor='parallel', parallel_workers=6, event_handlers=None, ignore_user_meta=False, metas=['./colcon.meta'], base_paths=['.'], packages_ignore=None, packages_ignore_regex=None, paths=None, packages_up_to=None, packages_up_to_regex=None, packages_above=None, packages_above_and_dependencies=None, packages_above_depth=None, packages_select_by_dep=None, packages_skip_by_dep=None, packages_skip_up_to=None, packages_select_build_failed=False, packages_skip_build_finished=False, packages_select_test_failures=False, packages_skip_test_passed=False, packages_select=None, packages_skip=None, packages_select_regex=None, packages_skip_regex=None, packages_start=None, packages_end=None, allow_overriding=[], cmake_args=None, cmake_target=None, cmake_target_skip_unavailable=False, cmake_clean_cache=False, cmake_clean_first=False, cmake_force_configure=False, ament_cmake_args=None, catkin_cmake_args=None, catkin_skip_building_tests=False, verb_parser=<colcon_defaults.argument_parser.defaults.DefaultArgumentsDecorator object at 0xffff98e978e0>, verb_extension=<colcon_core.verb.build.BuildVerb object at 0xffff98e96fe0>, main=<bound method BuildVerb.main of <colcon_core.verb.build.BuildVerb object at 0xffff98e96fe0>>)
[0.617s] Level 1:colcon.colcon_core.package_discovery:discover_packages(colcon_meta) check parameters
[0.617s] Level 1:colcon.colcon_core.package_discovery:discover_packages(recursive) check parameters
[0.618s] Level 1:colcon.colcon_core.package_discovery:discover_packages(ignore) check parameters
[0.618s] Level 1:colcon.colcon_core.package_discovery:discover_packages(path) check parameters
[0.618s] Level 1:colcon.colcon_core.package_discovery:discover_packages(colcon_meta) discover
[0.618s] Level 1:colcon.colcon_core.package_discovery:discover_packages(recursive) discover
[0.618s] INFO:colcon.colcon_core.package_discovery:Crawling recursively for packages in '/home/ti5robot/hand_control_ws'
[0.618s] Level 1:colcon.colcon_core.package_identification:_identify(.) by extensions ['ignore', 'ignore_ament_install']
[0.619s] Level 1:colcon.colcon_core.package_identification:_identify(.) by extension 'ignore'
[0.619s] Level 1:colcon.colcon_core.package_identification:_identify(.) by extension 'ignore_ament_install'
[0.619s] Level 1:colcon.colcon_core.package_identification:_identify(.) by extensions ['colcon_pkg']
[0.619s] Level 1:colcon.colcon_core.package_identification:_identify(.) by extension 'colcon_pkg'
[0.619s] Level 1:colcon.colcon_core.package_identification:_identify(.) by extensions ['colcon_meta']
[0.619s] Level 1:colcon.colcon_core.package_identification:_identify(.) by extension 'colcon_meta'
[0.619s] Level 1:colcon.colcon_core.package_identification:_identify(.) by extensions ['ros']
[0.620s] Level 1:colcon.colcon_core.package_identification:_identify(.) by extension 'ros'
[0.647s] Level 1:colcon.colcon_core.package_identification:_identify(.) by extensions ['cmake', 'python']
[0.647s] Level 1:colcon.colcon_core.package_identification:_identify(.) by extension 'cmake'
[0.648s] Level 1:colcon.colcon_core.package_identification:_identify(.) by extension 'python'
[0.648s] Level 1:colcon.colcon_core.package_identification:_identify(.) by extensions ['python_setup_py']
[0.648s] Level 1:colcon.colcon_core.package_identification:_identify(.) by extension 'python_setup_py'
[0.648s] Level 1:colcon.colcon_core.package_identification:_identify(build) by extensions ['ignore', 'ignore_ament_install']
[0.648s] Level 1:colcon.colcon_core.package_identification:_identify(build) by extension 'ignore'
[0.649s] Level 1:colcon.colcon_core.package_identification:_identify(build) ignored
[0.649s] Level 1:colcon.colcon_core.package_identification:_identify(install) by extensions ['ignore', 'ignore_ament_install']
[0.649s] Level 1:colcon.colcon_core.package_identification:_identify(install) by extension 'ignore'
[0.649s] Level 1:colcon.colcon_core.package_identification:_identify(install) ignored
[0.650s] Level 1:colcon.colcon_core.package_identification:_identify(log) by extensions ['ignore', 'ignore_ament_install']
[0.650s] Level 1:colcon.colcon_core.package_identification:_identify(log) by extension 'ignore'
[0.650s] Level 1:colcon.colcon_core.package_identification:_identify(log) ignored
[0.650s] Level 1:colcon.colcon_core.package_identification:_identify(src) by extensions ['ignore', 'ignore_ament_install']
[0.650s] Level 1:colcon.colcon_core.package_identification:_identify(src) by extension 'ignore'
[0.650s] Level 1:colcon.colcon_core.package_identification:_identify(src) by extension 'ignore_ament_install'
[0.651s] Level 1:colcon.colcon_core.package_identification:_identify(src) by extensions ['colcon_pkg']
[0.651s] Level 1:colcon.colcon_core.package_identification:_identify(src) by extension 'colcon_pkg'
[0.651s] Level 1:colcon.colcon_core.package_identification:_identify(src) by extensions ['colcon_meta']
[0.651s] Level 1:colcon.colcon_core.package_identification:_identify(src) by extension 'colcon_meta'
[0.651s] Level 1:colcon.colcon_core.package_identification:_identify(src) by extensions ['ros']
[0.651s] Level 1:colcon.colcon_core.package_identification:_identify(src) by extension 'ros'
[0.651s] Level 1:colcon.colcon_core.package_identification:_identify(src) by extensions ['cmake', 'python']
[0.651s] Level 1:colcon.colcon_core.package_identification:_identify(src) by extension 'cmake'
[0.651s] Level 1:colcon.colcon_core.package_identification:_identify(src) by extension 'python'
[0.651s] Level 1:colcon.colcon_core.package_identification:_identify(src) by extensions ['python_setup_py']
[0.652s] Level 1:colcon.colcon_core.package_identification:_identify(src) by extension 'python_setup_py'
[0.652s] Level 1:colcon.colcon_core.package_identification:_identify(src/hand_control) by extensions ['ignore', 'ignore_ament_install']
[0.652s] Level 1:colcon.colcon_core.package_identification:_identify(src/hand_control) by extension 'ignore'
[0.652s] Level 1:colcon.colcon_core.package_identification:_identify(src/hand_control) by extension 'ignore_ament_install'
[0.652s] Level 1:colcon.colcon_core.package_identification:_identify(src/hand_control) by extensions ['colcon_pkg']
[0.652s] Level 1:colcon.colcon_core.package_identification:_identify(src/hand_control) by extension 'colcon_pkg'
[0.652s] Level 1:colcon.colcon_core.package_identification:_identify(src/hand_control) by extensions ['colcon_meta']
[0.652s] Level 1:colcon.colcon_core.package_identification:_identify(src/hand_control) by extension 'colcon_meta'
[0.653s] Level 1:colcon.colcon_core.package_identification:_identify(src/hand_control) by extensions ['ros']
[0.653s] Level 1:colcon.colcon_core.package_identification:_identify(src/hand_control) by extension 'ros'
[0.658s] DEBUG:colcon.colcon_core.package_identification:Package 'src/hand_control' with type 'ros.ament_cmake' and name 'hand_control'
[0.658s] Level 1:colcon.colcon_core.package_discovery:discover_packages(recursive) using defaults
[0.658s] Level 1:colcon.colcon_core.package_discovery:discover_packages(ignore) discover
[0.658s] Level 1:colcon.colcon_core.package_discovery:discover_packages(ignore) using defaults
[0.659s] Level 1:colcon.colcon_core.package_discovery:discover_packages(path) discover
[0.659s] Level 1:colcon.colcon_core.package_discovery:discover_packages(path) using defaults
[0.701s] Level 1:colcon.colcon_core.package_discovery:discover_packages(prefix_path) check parameters
[0.702s] Level 1:colcon.colcon_core.package_discovery:discover_packages(prefix_path) discover
[0.705s] DEBUG:colcon.colcon_installed_package_information.package_discovery:Found 1 installed packages in /home/ti5robot/hand_control_ws/install
[0.708s] DEBUG:colcon.colcon_installed_package_information.package_discovery:Found 276 installed packages in /opt/ros/humble
[0.713s] Level 1:colcon.colcon_core.package_discovery:discover_packages(prefix_path) using defaults
[0.824s] Level 5:colcon.colcon_core.verb:set package 'hand_control' build argument 'cmake_args' from command line to 'None'
[0.825s] Level 5:colcon.colcon_core.verb:set package 'hand_control' build argument 'cmake_target' from command line to 'None'
[0.825s] Level 5:colcon.colcon_core.verb:set package 'hand_control' build argument 'cmake_target_skip_unavailable' from command line to 'False'
[0.825s] Level 5:colcon.colcon_core.verb:set package 'hand_control' build argument 'cmake_clean_cache' from command line to 'False'
[0.825s] Level 5:colcon.colcon_core.verb:set package 'hand_control' build argument 'cmake_clean_first' from command line to 'False'
[0.825s] Level 5:colcon.colcon_core.verb:set package 'hand_control' build argument 'cmake_force_configure' from command line to 'False'
[0.825s] Level 5:colcon.colcon_core.verb:set package 'hand_control' build argument 'ament_cmake_args' from command line to 'None'
[0.825s] Level 5:colcon.colcon_core.verb:set package 'hand_control' build argument 'catkin_cmake_args' from command line to 'None'
[0.825s] Level 5:colcon.colcon_core.verb:set package 'hand_control' build argument 'catkin_skip_building_tests' from command line to 'False'
[0.825s] DEBUG:colcon.colcon_core.verb:Building package 'hand_control' with the following arguments: {'ament_cmake_args': None, 'build_base': '/home/ti5robot/hand_control_ws/build/hand_control', 'catkin_cmake_args': None, 'catkin_skip_building_tests': False, 'cmake_args': None, 'cmake_clean_cache': False, 'cmake_clean_first': False, 'cmake_force_configure': False, 'cmake_target': None, 'cmake_target_skip_unavailable': False, 'install_base': '/home/ti5robot/hand_control_ws/install/hand_control', 'merge_install': False, 'path': '/home/ti5robot/hand_control_ws/src/hand_control', 'symlink_install': False, 'test_result_base': None}
[0.825s] INFO:colcon.colcon_core.executor:Executing jobs using 'parallel' executor
[0.828s] DEBUG:colcon.colcon_parallel_executor.executor.parallel:run_until_complete
[0.829s] INFO:colcon.colcon_ros.task.ament_cmake.build:Building ROS package in '/home/ti5robot/hand_control_ws/src/hand_control' with build type 'ament_cmake'
[0.830s] INFO:colcon.colcon_cmake.task.cmake.build:Building CMake package in '/home/ti5robot/hand_control_ws/src/hand_control'
[0.834s] INFO:colcon.colcon_core.plugin_system:Skipping extension 'colcon_core.shell.bat': Not used on non-Windows systems
[0.835s] INFO:colcon.colcon_core.shell:Skip shell extension 'powershell' for command environment: Not usable outside of PowerShell
[0.835s] DEBUG:colcon.colcon_core.shell:Skip shell extension 'dsv' for command environment
[0.851s] DEBUG:colcon.colcon_core.event_handler.log_command:Invoking command in '/home/ti5robot/hand_control_ws/build/hand_control': CMAKE_PREFIX_PATH=${CMAKE_PREFIX_PATH}:/opt/ros/humble /usr/bin/cmake --build /home/ti5robot/hand_control_ws/build/hand_control -- -j6 -l6
[20.601s] DEBUG:colcon.colcon_core.event_handler.log_command:Invoked command in '/home/ti5robot/hand_control_ws/build/hand_control' returned '0': CMAKE_PREFIX_PATH=${CMAKE_PREFIX_PATH}:/opt/ros/humble /usr/bin/cmake --build /home/ti5robot/hand_control_ws/build/hand_control -- -j6 -l6
[20.626s] DEBUG:colcon.colcon_core.event_handler.log_command:Invoking command in '/home/ti5robot/hand_control_ws/build/hand_control': CMAKE_PREFIX_PATH=${CMAKE_PREFIX_PATH}:/opt/ros/humble /usr/bin/cmake --install /home/ti5robot/hand_control_ws/build/hand_control
[20.674s] Level 1:colcon.colcon_core.environment:create_environment_scripts_only(hand_control)
[20.676s] DEBUG:colcon.colcon_core.event_handler.log_command:Invoked command in '/home/ti5robot/hand_control_ws/build/hand_control' returned '0': CMAKE_PREFIX_PATH=${CMAKE_PREFIX_PATH}:/opt/ros/humble /usr/bin/cmake --install /home/ti5robot/hand_control_ws/build/hand_control
[20.690s] Level 1:colcon.colcon_core.environment:checking '/home/ti5robot/hand_control_ws/install/hand_control' for CMake module files
[20.692s] Level 1:colcon.colcon_core.environment:checking '/home/ti5robot/hand_control_ws/install/hand_control' for CMake config files
[20.694s] Level 1:colcon.colcon_core.shell:create_environment_hook('hand_control', 'cmake_prefix_path')
[20.695s] INFO:colcon.colcon_core.shell:Creating environment hook '/home/ti5robot/hand_control_ws/install/hand_control/share/hand_control/hook/cmake_prefix_path.ps1'
[20.697s] INFO:colcon.colcon_core.shell:Creating environment descriptor '/home/ti5robot/hand_control_ws/install/hand_control/share/hand_control/hook/cmake_prefix_path.dsv'
[20.699s] INFO:colcon.colcon_core.shell:Creating environment hook '/home/ti5robot/hand_control_ws/install/hand_control/share/hand_control/hook/cmake_prefix_path.sh'
[20.702s] Level 1:colcon.colcon_core.environment:checking '/home/ti5robot/hand_control_ws/install/hand_control/lib'
[20.703s] Level 1:colcon.colcon_core.environment:checking '/home/ti5robot/hand_control_ws/install/hand_control/bin'
[20.703s] Level 1:colcon.colcon_core.environment:checking '/home/ti5robot/hand_control_ws/install/hand_control/lib/pkgconfig/hand_control.pc'
[20.704s] Level 1:colcon.colcon_core.environment:checking '/home/ti5robot/hand_control_ws/install/hand_control/lib/python3.10/site-packages'
[20.705s] Level 1:colcon.colcon_core.environment:checking '/home/ti5robot/hand_control_ws/install/hand_control/bin'
[20.706s] INFO:colcon.colcon_core.shell:Creating package script '/home/ti5robot/hand_control_ws/install/hand_control/share/hand_control/package.ps1'
[20.710s] INFO:colcon.colcon_core.shell:Creating package descriptor '/home/ti5robot/hand_control_ws/install/hand_control/share/hand_control/package.dsv'
[20.713s] INFO:colcon.colcon_core.shell:Creating package script '/home/ti5robot/hand_control_ws/install/hand_control/share/hand_control/package.sh'
[20.716s] INFO:colcon.colcon_core.shell:Creating package script '/home/ti5robot/hand_control_ws/install/hand_control/share/hand_control/package.bash'
[20.719s] INFO:colcon.colcon_core.shell:Creating package script '/home/ti5robot/hand_control_ws/install/hand_control/share/hand_control/package.zsh'
[20.722s] Level 1:colcon.colcon_core.environment:create_file_with_runtime_dependencies(/home/ti5robot/hand_control_ws/install/hand_control/share/colcon-core/packages/hand_control)
[20.724s] Level 1:colcon.colcon_core.environment:create_environment_scripts_only(hand_control)
[20.725s] Level 1:colcon.colcon_core.environment:checking '/home/ti5robot/hand_control_ws/install/hand_control' for CMake module files
[20.726s] Level 1:colcon.colcon_core.environment:checking '/home/ti5robot/hand_control_ws/install/hand_control' for CMake config files
[20.727s] Level 1:colcon.colcon_core.shell:create_environment_hook('hand_control', 'cmake_prefix_path')
[20.728s] INFO:colcon.colcon_core.shell:Creating environment hook '/home/ti5robot/hand_control_ws/install/hand_control/share/hand_control/hook/cmake_prefix_path.ps1'
[20.730s] INFO:colcon.colcon_core.shell:Creating environment descriptor '/home/ti5robot/hand_control_ws/install/hand_control/share/hand_control/hook/cmake_prefix_path.dsv'
[20.731s] INFO:colcon.colcon_core.shell:Creating environment hook '/home/ti5robot/hand_control_ws/install/hand_control/share/hand_control/hook/cmake_prefix_path.sh'
[20.733s] Level 1:colcon.colcon_core.environment:checking '/home/ti5robot/hand_control_ws/install/hand_control/lib'
[20.734s] Level 1:colcon.colcon_core.environment:checking '/home/ti5robot/hand_control_ws/install/hand_control/bin'
[20.734s] Level 1:colcon.colcon_core.environment:checking '/home/ti5robot/hand_control_ws/install/hand_control/lib/pkgconfig/hand_control.pc'
[20.735s] Level 1:colcon.colcon_core.environment:checking '/home/ti5robot/hand_control_ws/install/hand_control/lib/python3.10/site-packages'
[20.735s] Level 1:colcon.colcon_core.environment:checking '/home/ti5robot/hand_control_ws/install/hand_control/bin'
[20.736s] INFO:colcon.colcon_core.shell:Creating package script '/home/ti5robot/hand_control_ws/install/hand_control/share/hand_control/package.ps1'
[20.738s] INFO:colcon.colcon_core.shell:Creating package descriptor '/home/ti5robot/hand_control_ws/install/hand_control/share/hand_control/package.dsv'
[20.740s] INFO:colcon.colcon_core.shell:Creating package script '/home/ti5robot/hand_control_ws/install/hand_control/share/hand_control/package.sh'
[20.741s] INFO:colcon.colcon_core.shell:Creating package script '/home/ti5robot/hand_control_ws/install/hand_control/share/hand_control/package.bash'
[20.742s] INFO:colcon.colcon_core.shell:Creating package script '/home/ti5robot/hand_control_ws/install/hand_control/share/hand_control/package.zsh'
[20.743s] Level 1:colcon.colcon_core.environment:create_file_with_runtime_dependencies(/home/ti5robot/hand_control_ws/install/hand_control/share/colcon-core/packages/hand_control)
[20.744s] DEBUG:colcon.colcon_parallel_executor.executor.parallel:closing loop
[20.745s] DEBUG:colcon.colcon_parallel_executor.executor.parallel:loop closed
[20.745s] DEBUG:colcon.colcon_parallel_executor.executor.parallel:run_until_complete finished with '0'
[20.746s] DEBUG:colcon.colcon_core.event_reactor:joining thread
[20.764s] INFO:colcon.colcon_core.plugin_system:Skipping extension 'colcon_notification.desktop_notification.terminal_notifier': Not used on non-Darwin systems
[20.764s] INFO:colcon.colcon_core.plugin_system:Skipping extension 'colcon_notification.desktop_notification.win32': Not used on non-Windows systems
[20.764s] INFO:colcon.colcon_notification.desktop_notification:Sending desktop notification using 'notify2'
[20.804s] DEBUG:colcon.colcon_core.event_reactor:joined thread
[20.805s] INFO:colcon.colcon_core.shell:Creating prefix script '/home/ti5robot/hand_control_ws/install/local_setup.ps1'
[20.809s] INFO:colcon.colcon_core.shell:Creating prefix util module '/home/ti5robot/hand_control_ws/install/_local_setup_util_ps1.py'
[20.815s] INFO:colcon.colcon_core.shell:Creating prefix chain script '/home/ti5robot/hand_control_ws/install/setup.ps1'
[20.819s] INFO:colcon.colcon_core.shell:Creating prefix script '/home/ti5robot/hand_control_ws/install/local_setup.sh'
[20.822s] INFO:colcon.colcon_core.shell:Creating prefix util module '/home/ti5robot/hand_control_ws/install/_local_setup_util_sh.py'
[20.824s] INFO:colcon.colcon_core.shell:Creating prefix chain script '/home/ti5robot/hand_control_ws/install/setup.sh'
[20.828s] INFO:colcon.colcon_core.shell:Creating prefix script '/home/ti5robot/hand_control_ws/install/local_setup.bash'
[20.830s] INFO:colcon.colcon_core.shell:Creating prefix chain script '/home/ti5robot/hand_control_ws/install/setup.bash'
[20.833s] INFO:colcon.colcon_core.shell:Creating prefix script '/home/ti5robot/hand_control_ws/install/local_setup.zsh'
[20.835s] INFO:colcon.colcon_core.shell:Creating prefix chain script '/home/ti5robot/hand_control_ws/install/setup.zsh'
