-- Found ament_cmake: 1.3.11 (/opt/ros/humble/share/ament_cmake/cmake)
-- Found rclcpp: 16.0.12 (/opt/ros/humble/share/rclcpp/cmake)
-- Found rosidl_generator_c: 3.1.6 (/opt/ros/humble/share/rosidl_generator_c/cmake)
-- Found rosidl_adapter: 3.1.6 (/opt/ros/humble/share/rosidl_adapter/cmake)
-- Found rosidl_generator_cpp: 3.1.6 (/opt/ros/humble/share/rosidl_generator_cpp/cmake)
-- Using all available rosidl_typesupport_c: rosidl_typesupport_fastrtps_c;rosidl_typesupport_introspection_c
-- Using all available rosidl_typesupport_cpp: rosidl_typesupport_fastrtps_cpp;rosidl_typesupport_introspection_cpp
-- Found rmw_implementation_cmake: 6.1.2 (/opt/ros/humble/share/rmw_implementation_cmake/cmake)
-- Found rmw_fastrtps_cpp: 6.2.7 (/opt/ros/humble/share/rmw_fastrtps_cpp/cmake)
-- Using RMW implementation 'rmw_fastrtps_cpp' as default
-- Configuring done
-- Generating done
-- Build files have been written to: /home/ti5robot/hand_angle_ws/build/hand_angle
[ 33%] [32mBuilding CXX object CMakeFiles/ude_server.dir/libs/UDEServer.cpp.o[0m
[ 33%] Built target ude_server
[ 66%] [32mBuilding CXX object CMakeFiles/hand_angle_node.dir/src/hand_angle_node.cpp.o[0m
[01m[K/home/ti5robot/hand_angle_ws/src/hand_angle/src/hand_angle_node.cpp:71:10:[m[K [01;31m[Kfatal error: [m[Kstd_msgs/msg/string.hpp: æ²¡æœ‰é‚£ä¸ªæ–‡ä»¶æˆ–ç›®å½•
   71 | #include [01;31m[K"std_msgs/msg/string.hpp"[m[K  // ç”¨äºå‘å¸ƒå­—ç¬¦ä¸²æ¶ˆæ¯
      |          [01;31m[K^~~~~~~~~~~~~~~~~~~~~~~~~[m[K
compilation terminated.
gmake[2]: *** [CMakeFiles/hand_angle_node.dir/build.make:76ï¼šCMakeFiles/hand_angle_node.dir/src/hand_angle_node.cpp.o] é”™è¯¯ 1
gmake[1]: *** [CMakeFiles/Makefile2:165ï¼šCMakeFiles/hand_angle_node.dir/all] é”™è¯¯ 2
gmake: *** [Makefile:146ï¼šall] é”™è¯¯ 2
