[0.017s] Invoking command in '/home/ti5robot/hand_angle_ws/build/hand_angle': CMAKE_PREFIX_PATH=${CMAKE_PREFIX_PATH}:/opt/ros/humble /usr/bin/cmake /home/ti5robot/hand_angle_ws/src/hand_angle -DCMAKE_INSTALL_PREFIX=/home/ti5robot/hand_angle_ws/install/hand_angle
[0.044s] -- Found ament_cmake: 1.3.11 (/opt/ros/humble/share/ament_cmake/cmake)
[0.334s] -- Found rclcpp: 16.0.12 (/opt/ros/humble/share/rclcpp/cmake)
[0.398s] -- Found rosidl_generator_c: 3.1.6 (/opt/ros/humble/share/rosidl_generator_c/cmake)
[0.403s] -- Found rosidl_adapter: 3.1.6 (/opt/ros/humble/share/rosidl_adapter/cmake)
[0.413s] -- Found rosidl_generator_cpp: 3.1.6 (/opt/ros/humble/share/rosidl_generator_cpp/cmake)
[0.431s] -- Using all available rosidl_typesupport_c: rosidl_typesupport_fastrtps_c;rosidl_typesupport_introspection_c
[0.454s] -- Using all available rosidl_typesupport_cpp: rosidl_typesupport_fastrtps_cpp;rosidl_typesupport_introspection_cpp
[0.513s] -- Found rmw_implementation_cmake: 6.1.2 (/opt/ros/humble/share/rmw_implementation_cmake/cmake)
[0.515s] -- Found rmw_fastrtps_cpp: 6.2.7 (/opt/ros/humble/share/rmw_fastrtps_cpp/cmake)
[0.693s] -- Using RMW implementation 'rmw_fastrtps_cpp' as default
[0.918s] -- Configuring done
[0.927s] [31mCMake Error at CMakeLists.txt:54 (add_executable):
[0.927s]   Target "hand_angle_node" links to target "std_msgs::std_msgs" but the
[0.928s]   target was not found.  Perhaps a find_package() call is missing for an
[0.929s]   IMPORTED target, or an ALIAS target is missing?
[0.929s] 
[0.929s] [0m
[0.939s] -- Generating done
[0.941s] [0mCMake Generate step failed.  Build files cannot be regenerated correctly.[0m
[0.959s] Invoked command in '/home/ti5robot/hand_angle_ws/build/hand_angle' returned '1': CMAKE_PREFIX_PATH=${CMAKE_PREFIX_PATH}:/opt/ros/humble /usr/bin/cmake /home/ti5robot/hand_angle_ws/src/hand_angle -DCMAKE_INSTALL_PREFIX=/home/ti5robot/hand_angle_ws/install/hand_angle
