[0.220s] DEBUG:colcon:Command line arguments: ['/usr/bin/colcon', 'build']
[0.221s] DEBUG:colcon:Parsed command line arguments: Namespace(log_base=None, log_level=None, verb_name='build', build_base='build', install_base='install', merge_install=False, symlink_install=False, test_result_base=None, continue_on_error=False, executor='parallel', parallel_workers=6, event_handlers=None, ignore_user_meta=False, metas=['./colcon.meta'], base_paths=['.'], packages_ignore=None, packages_ignore_regex=None, paths=None, packages_up_to=None, packages_up_to_regex=None, packages_above=None, packages_above_and_dependencies=None, packages_above_depth=None, packages_select_by_dep=None, packages_skip_by_dep=None, packages_skip_up_to=None, packages_select_build_failed=False, packages_skip_build_finished=False, packages_select_test_failures=False, packages_skip_test_passed=False, packages_select=None, packages_skip=None, packages_select_regex=None, packages_skip_regex=None, packages_start=None, packages_end=None, allow_overriding=[], cmake_args=None, cmake_target=None, cmake_target_skip_unavailable=False, cmake_clean_cache=False, cmake_clean_first=False, cmake_force_configure=False, ament_cmake_args=None, catkin_cmake_args=None, catkin_skip_building_tests=False, verb_parser=<colcon_defaults.argument_parser.defaults.DefaultArgumentsDecorator object at 0xffffb7a178e0>, verb_extension=<colcon_core.verb.build.BuildVerb object at 0xffffb7a16fe0>, main=<bound method BuildVerb.main of <colcon_core.verb.build.BuildVerb object at 0xffffb7a16fe0>>)
[0.589s] Level 1:colcon.colcon_core.package_discovery:discover_packages(colcon_meta) check parameters
[0.589s] Level 1:colcon.colcon_core.package_discovery:discover_packages(recursive) check parameters
[0.590s] Level 1:colcon.colcon_core.package_discovery:discover_packages(ignore) check parameters
[0.590s] Level 1:colcon.colcon_core.package_discovery:discover_packages(path) check parameters
[0.590s] Level 1:colcon.colcon_core.package_discovery:discover_packages(colcon_meta) discover
[0.590s] Level 1:colcon.colcon_core.package_discovery:discover_packages(recursive) discover
[0.590s] INFO:colcon.colcon_core.package_discovery:Crawling recursively for packages in '/home/ti5robot/hand_control_ws'
[0.590s] Level 1:colcon.colcon_core.package_identification:_identify(.) by extensions ['ignore', 'ignore_ament_install']
[0.591s] Level 1:colcon.colcon_core.package_identification:_identify(.) by extension 'ignore'
[0.591s] Level 1:colcon.colcon_core.package_identification:_identify(.) by extension 'ignore_ament_install'
[0.591s] Level 1:colcon.colcon_core.package_identification:_identify(.) by extensions ['colcon_pkg']
[0.591s] Level 1:colcon.colcon_core.package_identification:_identify(.) by extension 'colcon_pkg'
[0.591s] Level 1:colcon.colcon_core.package_identification:_identify(.) by extensions ['colcon_meta']
[0.591s] Level 1:colcon.colcon_core.package_identification:_identify(.) by extension 'colcon_meta'
[0.591s] Level 1:colcon.colcon_core.package_identification:_identify(.) by extensions ['ros']
[0.591s] Level 1:colcon.colcon_core.package_identification:_identify(.) by extension 'ros'
[0.617s] Level 1:colcon.colcon_core.package_identification:_identify(.) by extensions ['cmake', 'python']
[0.617s] Level 1:colcon.colcon_core.package_identification:_identify(.) by extension 'cmake'
[0.617s] Level 1:colcon.colcon_core.package_identification:_identify(.) by extension 'python'
[0.617s] Level 1:colcon.colcon_core.package_identification:_identify(.) by extensions ['python_setup_py']
[0.617s] Level 1:colcon.colcon_core.package_identification:_identify(.) by extension 'python_setup_py'
[0.618s] Level 1:colcon.colcon_core.package_identification:_identify(build) by extensions ['ignore', 'ignore_ament_install']
[0.618s] Level 1:colcon.colcon_core.package_identification:_identify(build) by extension 'ignore'
[0.618s] Level 1:colcon.colcon_core.package_identification:_identify(build) ignored
[0.618s] Level 1:colcon.colcon_core.package_identification:_identify(install) by extensions ['ignore', 'ignore_ament_install']
[0.618s] Level 1:colcon.colcon_core.package_identification:_identify(install) by extension 'ignore'
[0.619s] Level 1:colcon.colcon_core.package_identification:_identify(install) ignored
[0.619s] Level 1:colcon.colcon_core.package_identification:_identify(log) by extensions ['ignore', 'ignore_ament_install']
[0.619s] Level 1:colcon.colcon_core.package_identification:_identify(log) by extension 'ignore'
[0.619s] Level 1:colcon.colcon_core.package_identification:_identify(log) ignored
[0.619s] Level 1:colcon.colcon_core.package_identification:_identify(src) by extensions ['ignore', 'ignore_ament_install']
[0.619s] Level 1:colcon.colcon_core.package_identification:_identify(src) by extension 'ignore'
[0.620s] Level 1:colcon.colcon_core.package_identification:_identify(src) by extension 'ignore_ament_install'
[0.620s] Level 1:colcon.colcon_core.package_identification:_identify(src) by extensions ['colcon_pkg']
[0.620s] Level 1:colcon.colcon_core.package_identification:_identify(src) by extension 'colcon_pkg'
[0.620s] Level 1:colcon.colcon_core.package_identification:_identify(src) by extensions ['colcon_meta']
[0.620s] Level 1:colcon.colcon_core.package_identification:_identify(src) by extension 'colcon_meta'
[0.620s] Level 1:colcon.colcon_core.package_identification:_identify(src) by extensions ['ros']
[0.620s] Level 1:colcon.colcon_core.package_identification:_identify(src) by extension 'ros'
[0.620s] Level 1:colcon.colcon_core.package_identification:_identify(src) by extensions ['cmake', 'python']
[0.620s] Level 1:colcon.colcon_core.package_identification:_identify(src) by extension 'cmake'
[0.621s] Level 1:colcon.colcon_core.package_identification:_identify(src) by extension 'python'
[0.621s] Level 1:colcon.colcon_core.package_identification:_identify(src) by extensions ['python_setup_py']
[0.621s] Level 1:colcon.colcon_core.package_identification:_identify(src) by extension 'python_setup_py'
[0.621s] Level 1:colcon.colcon_core.package_identification:_identify(src/hand_control) by extensions ['ignore', 'ignore_ament_install']
[0.621s] Level 1:colcon.colcon_core.package_identification:_identify(src/hand_control) by extension 'ignore'
[0.621s] Level 1:colcon.colcon_core.package_identification:_identify(src/hand_control) by extension 'ignore_ament_install'
[0.621s] Level 1:colcon.colcon_core.package_identification:_identify(src/hand_control) by extensions ['colcon_pkg']
[0.621s] Level 1:colcon.colcon_core.package_identification:_identify(src/hand_control) by extension 'colcon_pkg'
[0.622s] Level 1:colcon.colcon_core.package_identification:_identify(src/hand_control) by extensions ['colcon_meta']
[0.622s] Level 1:colcon.colcon_core.package_identification:_identify(src/hand_control) by extension 'colcon_meta'
[0.622s] Level 1:colcon.colcon_core.package_identification:_identify(src/hand_control) by extensions ['ros']
[0.622s] Level 1:colcon.colcon_core.package_identification:_identify(src/hand_control) by extension 'ros'
[0.627s] DEBUG:colcon.colcon_core.package_identification:Package 'src/hand_control' with type 'ros.ament_cmake' and name 'hand_control'
[0.627s] Level 1:colcon.colcon_core.package_discovery:discover_packages(recursive) using defaults
[0.627s] Level 1:colcon.colcon_core.package_discovery:discover_packages(ignore) discover
[0.627s] Level 1:colcon.colcon_core.package_discovery:discover_packages(ignore) using defaults
[0.627s] Level 1:colcon.colcon_core.package_discovery:discover_packages(path) discover
[0.628s] Level 1:colcon.colcon_core.package_discovery:discover_packages(path) using defaults
[0.667s] Level 1:colcon.colcon_core.package_discovery:discover_packages(prefix_path) check parameters
[0.667s] Level 1:colcon.colcon_core.package_discovery:discover_packages(prefix_path) discover
[0.672s] DEBUG:colcon.colcon_installed_package_information.package_discovery:Found 276 installed packages in /opt/ros/humble
[0.677s] Level 1:colcon.colcon_core.package_discovery:discover_packages(prefix_path) using defaults
[0.783s] Level 5:colcon.colcon_core.verb:set package 'hand_control' build argument 'cmake_args' from command line to 'None'
[0.783s] Level 5:colcon.colcon_core.verb:set package 'hand_control' build argument 'cmake_target' from command line to 'None'
[0.783s] Level 5:colcon.colcon_core.verb:set package 'hand_control' build argument 'cmake_target_skip_unavailable' from command line to 'False'
[0.783s] Level 5:colcon.colcon_core.verb:set package 'hand_control' build argument 'cmake_clean_cache' from command line to 'False'
[0.783s] Level 5:colcon.colcon_core.verb:set package 'hand_control' build argument 'cmake_clean_first' from command line to 'False'
[0.783s] Level 5:colcon.colcon_core.verb:set package 'hand_control' build argument 'cmake_force_configure' from command line to 'False'
[0.783s] Level 5:colcon.colcon_core.verb:set package 'hand_control' build argument 'ament_cmake_args' from command line to 'None'
[0.784s] Level 5:colcon.colcon_core.verb:set package 'hand_control' build argument 'catkin_cmake_args' from command line to 'None'
[0.784s] Level 5:colcon.colcon_core.verb:set package 'hand_control' build argument 'catkin_skip_building_tests' from command line to 'False'
[0.784s] DEBUG:colcon.colcon_core.verb:Building package 'hand_control' with the following arguments: {'ament_cmake_args': None, 'build_base': '/home/ti5robot/hand_control_ws/build/hand_control', 'catkin_cmake_args': None, 'catkin_skip_building_tests': False, 'cmake_args': None, 'cmake_clean_cache': False, 'cmake_clean_first': False, 'cmake_force_configure': False, 'cmake_target': None, 'cmake_target_skip_unavailable': False, 'install_base': '/home/ti5robot/hand_control_ws/install/hand_control', 'merge_install': False, 'path': '/home/ti5robot/hand_control_ws/src/hand_control', 'symlink_install': False, 'test_result_base': None}
[0.784s] INFO:colcon.colcon_core.executor:Executing jobs using 'parallel' executor
[0.787s] DEBUG:colcon.colcon_parallel_executor.executor.parallel:run_until_complete
[0.787s] INFO:colcon.colcon_ros.task.ament_cmake.build:Building ROS package in '/home/ti5robot/hand_control_ws/src/hand_control' with build type 'ament_cmake'
[0.788s] INFO:colcon.colcon_cmake.task.cmake.build:Building CMake package in '/home/ti5robot/hand_control_ws/src/hand_control'
[0.792s] INFO:colcon.colcon_core.plugin_system:Skipping extension 'colcon_core.shell.bat': Not used on non-Windows systems
[0.792s] INFO:colcon.colcon_core.shell:Skip shell extension 'powershell' for command environment: Not usable outside of PowerShell
[0.793s] DEBUG:colcon.colcon_core.shell:Skip shell extension 'dsv' for command environment
[0.811s] DEBUG:colcon.colcon_core.event_handler.log_command:Invoking command in '/home/ti5robot/hand_control_ws/build/hand_control': CMAKE_PREFIX_PATH=/opt/ros/humble /usr/bin/cmake --build /home/ti5robot/hand_control_ws/build/hand_control -- -j6 -l6
[21.031s] DEBUG:colcon.colcon_core.event_handler.log_command:Invoked command in '/home/ti5robot/hand_control_ws/build/hand_control' returned '0': CMAKE_PREFIX_PATH=/opt/ros/humble /usr/bin/cmake --build /home/ti5robot/hand_control_ws/build/hand_control -- -j6 -l6
[21.058s] DEBUG:colcon.colcon_core.event_handler.log_command:Invoking command in '/home/ti5robot/hand_control_ws/build/hand_control': CMAKE_PREFIX_PATH=/opt/ros/humble /usr/bin/cmake --install /home/ti5robot/hand_control_ws/build/hand_control
[21.106s] Level 1:colcon.colcon_core.environment:create_environment_scripts_only(hand_control)
[21.108s] DEBUG:colcon.colcon_core.event_handler.log_command:Invoked command in '/home/ti5robot/hand_control_ws/build/hand_control' returned '0': CMAKE_PREFIX_PATH=/opt/ros/humble /usr/bin/cmake --install /home/ti5robot/hand_control_ws/build/hand_control
[21.117s] Level 1:colcon.colcon_core.environment:checking '/home/ti5robot/hand_control_ws/install/hand_control' for CMake module files
[21.119s] Level 1:colcon.colcon_core.environment:checking '/home/ti5robot/hand_control_ws/install/hand_control' for CMake config files
[21.120s] Level 1:colcon.colcon_core.shell:create_environment_hook('hand_control', 'cmake_prefix_path')
[21.121s] INFO:colcon.colcon_core.shell:Creating environment hook '/home/ti5robot/hand_control_ws/install/hand_control/share/hand_control/hook/cmake_prefix_path.ps1'
[21.124s] INFO:colcon.colcon_core.shell:Creating environment descriptor '/home/ti5robot/hand_control_ws/install/hand_control/share/hand_control/hook/cmake_prefix_path.dsv'
[21.126s] INFO:colcon.colcon_core.shell:Creating environment hook '/home/ti5robot/hand_control_ws/install/hand_control/share/hand_control/hook/cmake_prefix_path.sh'
[21.129s] Level 1:colcon.colcon_core.environment:checking '/home/ti5robot/hand_control_ws/install/hand_control/lib'
[21.130s] Level 1:colcon.colcon_core.environment:checking '/home/ti5robot/hand_control_ws/install/hand_control/bin'
[21.130s] Level 1:colcon.colcon_core.environment:checking '/home/ti5robot/hand_control_ws/install/hand_control/lib/pkgconfig/hand_control.pc'
[21.131s] Level 1:colcon.colcon_core.environment:checking '/home/ti5robot/hand_control_ws/install/hand_control/lib/python3.10/site-packages'
[21.132s] Level 1:colcon.colcon_core.environment:checking '/home/ti5robot/hand_control_ws/install/hand_control/bin'
[21.133s] INFO:colcon.colcon_core.shell:Creating package script '/home/ti5robot/hand_control_ws/install/hand_control/share/hand_control/package.ps1'
[21.136s] INFO:colcon.colcon_core.shell:Creating package descriptor '/home/ti5robot/hand_control_ws/install/hand_control/share/hand_control/package.dsv'
[21.139s] INFO:colcon.colcon_core.shell:Creating package script '/home/ti5robot/hand_control_ws/install/hand_control/share/hand_control/package.sh'
[21.141s] INFO:colcon.colcon_core.shell:Creating package script '/home/ti5robot/hand_control_ws/install/hand_control/share/hand_control/package.bash'
[21.145s] INFO:colcon.colcon_core.shell:Creating package script '/home/ti5robot/hand_control_ws/install/hand_control/share/hand_control/package.zsh'
[21.147s] Level 1:colcon.colcon_core.environment:create_file_with_runtime_dependencies(/home/ti5robot/hand_control_ws/install/hand_control/share/colcon-core/packages/hand_control)
[21.150s] Level 1:colcon.colcon_core.environment:create_environment_scripts_only(hand_control)
[21.151s] Level 1:colcon.colcon_core.environment:checking '/home/ti5robot/hand_control_ws/install/hand_control' for CMake module files
[21.153s] Level 1:colcon.colcon_core.environment:checking '/home/ti5robot/hand_control_ws/install/hand_control' for CMake config files
[21.154s] Level 1:colcon.colcon_core.shell:create_environment_hook('hand_control', 'cmake_prefix_path')
[21.155s] INFO:colcon.colcon_core.shell:Creating environment hook '/home/ti5robot/hand_control_ws/install/hand_control/share/hand_control/hook/cmake_prefix_path.ps1'
[21.156s] INFO:colcon.colcon_core.shell:Creating environment descriptor '/home/ti5robot/hand_control_ws/install/hand_control/share/hand_control/hook/cmake_prefix_path.dsv'
[21.158s] INFO:colcon.colcon_core.shell:Creating environment hook '/home/ti5robot/hand_control_ws/install/hand_control/share/hand_control/hook/cmake_prefix_path.sh'
[21.160s] Level 1:colcon.colcon_core.environment:checking '/home/ti5robot/hand_control_ws/install/hand_control/lib'
[21.161s] Level 1:colcon.colcon_core.environment:checking '/home/ti5robot/hand_control_ws/install/hand_control/bin'
[21.161s] Level 1:colcon.colcon_core.environment:checking '/home/ti5robot/hand_control_ws/install/hand_control/lib/pkgconfig/hand_control.pc'
[21.162s] Level 1:colcon.colcon_core.environment:checking '/home/ti5robot/hand_control_ws/install/hand_control/lib/python3.10/site-packages'
[21.163s] Level 1:colcon.colcon_core.environment:checking '/home/ti5robot/hand_control_ws/install/hand_control/bin'
[21.164s] INFO:colcon.colcon_core.shell:Creating package script '/home/ti5robot/hand_control_ws/install/hand_control/share/hand_control/package.ps1'
[21.166s] INFO:colcon.colcon_core.shell:Creating package descriptor '/home/ti5robot/hand_control_ws/install/hand_control/share/hand_control/package.dsv'
[21.167s] INFO:colcon.colcon_core.shell:Creating package script '/home/ti5robot/hand_control_ws/install/hand_control/share/hand_control/package.sh'
[21.169s] INFO:colcon.colcon_core.shell:Creating package script '/home/ti5robot/hand_control_ws/install/hand_control/share/hand_control/package.bash'
[21.170s] INFO:colcon.colcon_core.shell:Creating package script '/home/ti5robot/hand_control_ws/install/hand_control/share/hand_control/package.zsh'
[21.172s] Level 1:colcon.colcon_core.environment:create_file_with_runtime_dependencies(/home/ti5robot/hand_control_ws/install/hand_control/share/colcon-core/packages/hand_control)
[21.173s] DEBUG:colcon.colcon_parallel_executor.executor.parallel:closing loop
[21.174s] DEBUG:colcon.colcon_parallel_executor.executor.parallel:loop closed
[21.174s] DEBUG:colcon.colcon_parallel_executor.executor.parallel:run_until_complete finished with '0'
[21.175s] DEBUG:colcon.colcon_core.event_reactor:joining thread
[21.191s] INFO:colcon.colcon_core.plugin_system:Skipping extension 'colcon_notification.desktop_notification.terminal_notifier': Not used on non-Darwin systems
[21.191s] INFO:colcon.colcon_core.plugin_system:Skipping extension 'colcon_notification.desktop_notification.win32': Not used on non-Windows systems
[21.192s] INFO:colcon.colcon_notification.desktop_notification:Sending desktop notification using 'notify2'
[21.231s] DEBUG:colcon.colcon_core.event_reactor:joined thread
[21.232s] INFO:colcon.colcon_core.shell:Creating prefix script '/home/ti5robot/hand_control_ws/install/local_setup.ps1'
[21.236s] INFO:colcon.colcon_core.shell:Creating prefix util module '/home/ti5robot/hand_control_ws/install/_local_setup_util_ps1.py'
[21.241s] INFO:colcon.colcon_core.shell:Creating prefix chain script '/home/ti5robot/hand_control_ws/install/setup.ps1'
[21.245s] INFO:colcon.colcon_core.shell:Creating prefix script '/home/ti5robot/hand_control_ws/install/local_setup.sh'
[21.248s] INFO:colcon.colcon_core.shell:Creating prefix util module '/home/ti5robot/hand_control_ws/install/_local_setup_util_sh.py'
[21.250s] INFO:colcon.colcon_core.shell:Creating prefix chain script '/home/ti5robot/hand_control_ws/install/setup.sh'
[21.253s] INFO:colcon.colcon_core.shell:Creating prefix script '/home/ti5robot/hand_control_ws/install/local_setup.bash'
[21.255s] INFO:colcon.colcon_core.shell:Creating prefix chain script '/home/ti5robot/hand_control_ws/install/setup.bash'
[21.258s] INFO:colcon.colcon_core.shell:Creating prefix script '/home/ti5robot/hand_control_ws/install/local_setup.zsh'
[21.260s] INFO:colcon.colcon_core.shell:Creating prefix chain script '/home/ti5robot/hand_control_ws/install/setup.zsh'
