[0.227s] DEBUG:colcon:Command line arguments: ['/usr/bin/colcon', 'build']
[0.228s] DEBUG:colcon:Parsed command line arguments: Namespace(log_base=None, log_level=None, verb_name='build', build_base='build', install_base='install', merge_install=False, symlink_install=False, test_result_base=None, continue_on_error=False, executor='parallel', parallel_workers=6, event_handlers=None, ignore_user_meta=False, metas=['./colcon.meta'], base_paths=['.'], packages_ignore=None, packages_ignore_regex=None, paths=None, packages_up_to=None, packages_up_to_regex=None, packages_above=None, packages_above_and_dependencies=None, packages_above_depth=None, packages_select_by_dep=None, packages_skip_by_dep=None, packages_skip_up_to=None, packages_select_build_failed=False, packages_skip_build_finished=False, packages_select_test_failures=False, packages_skip_test_passed=False, packages_select=None, packages_skip=None, packages_select_regex=None, packages_skip_regex=None, packages_start=None, packages_end=None, allow_overriding=[], cmake_args=None, cmake_target=None, cmake_target_skip_unavailable=False, cmake_clean_cache=False, cmake_clean_first=False, cmake_force_configure=False, ament_cmake_args=None, catkin_cmake_args=None, catkin_skip_building_tests=False, verb_parser=<colcon_defaults.argument_parser.defaults.DefaultArgumentsDecorator object at 0xffffb76d78b0>, verb_extension=<colcon_core.verb.build.BuildVerb object at 0xffffb76d6fb0>, main=<bound method BuildVerb.main of <colcon_core.verb.build.BuildVerb object at 0xffffb76d6fb0>>)
[0.575s] Level 1:colcon.colcon_core.package_discovery:discover_packages(colcon_meta) check parameters
[0.575s] Level 1:colcon.colcon_core.package_discovery:discover_packages(recursive) check parameters
[0.575s] Level 1:colcon.colcon_core.package_discovery:discover_packages(ignore) check parameters
[0.575s] Level 1:colcon.colcon_core.package_discovery:discover_packages(path) check parameters
[0.575s] Level 1:colcon.colcon_core.package_discovery:discover_packages(colcon_meta) discover
[0.575s] Level 1:colcon.colcon_core.package_discovery:discover_packages(recursive) discover
[0.576s] INFO:colcon.colcon_core.package_discovery:Crawling recursively for packages in '/home/ti5robot/hand_control_ws'
[0.576s] Level 1:colcon.colcon_core.package_identification:_identify(.) by extensions ['ignore', 'ignore_ament_install']
[0.576s] Level 1:colcon.colcon_core.package_identification:_identify(.) by extension 'ignore'
[0.576s] Level 1:colcon.colcon_core.package_identification:_identify(.) by extension 'ignore_ament_install'
[0.576s] Level 1:colcon.colcon_core.package_identification:_identify(.) by extensions ['colcon_pkg']
[0.577s] Level 1:colcon.colcon_core.package_identification:_identify(.) by extension 'colcon_pkg'
[0.577s] Level 1:colcon.colcon_core.package_identification:_identify(.) by extensions ['colcon_meta']
[0.577s] Level 1:colcon.colcon_core.package_identification:_identify(.) by extension 'colcon_meta'
[0.577s] Level 1:colcon.colcon_core.package_identification:_identify(.) by extensions ['ros']
[0.577s] Level 1:colcon.colcon_core.package_identification:_identify(.) by extension 'ros'
[0.603s] Level 1:colcon.colcon_core.package_identification:_identify(.) by extensions ['cmake', 'python']
[0.604s] Level 1:colcon.colcon_core.package_identification:_identify(.) by extension 'cmake'
[0.604s] Level 1:colcon.colcon_core.package_identification:_identify(.) by extension 'python'
[0.604s] Level 1:colcon.colcon_core.package_identification:_identify(.) by extensions ['python_setup_py']
[0.604s] Level 1:colcon.colcon_core.package_identification:_identify(.) by extension 'python_setup_py'
[0.605s] Level 1:colcon.colcon_core.package_identification:_identify(build) by extensions ['ignore', 'ignore_ament_install']
[0.605s] Level 1:colcon.colcon_core.package_identification:_identify(build) by extension 'ignore'
[0.605s] Level 1:colcon.colcon_core.package_identification:_identify(build) ignored
[0.605s] Level 1:colcon.colcon_core.package_identification:_identify(install) by extensions ['ignore', 'ignore_ament_install']
[0.605s] Level 1:colcon.colcon_core.package_identification:_identify(install) by extension 'ignore'
[0.606s] Level 1:colcon.colcon_core.package_identification:_identify(install) ignored
[0.606s] Level 1:colcon.colcon_core.package_identification:_identify(log) by extensions ['ignore', 'ignore_ament_install']
[0.606s] Level 1:colcon.colcon_core.package_identification:_identify(log) by extension 'ignore'
[0.606s] Level 1:colcon.colcon_core.package_identification:_identify(log) ignored
[0.606s] Level 1:colcon.colcon_core.package_identification:_identify(src) by extensions ['ignore', 'ignore_ament_install']
[0.607s] Level 1:colcon.colcon_core.package_identification:_identify(src) by extension 'ignore'
[0.607s] Level 1:colcon.colcon_core.package_identification:_identify(src) by extension 'ignore_ament_install'
[0.607s] Level 1:colcon.colcon_core.package_identification:_identify(src) by extensions ['colcon_pkg']
[0.607s] Level 1:colcon.colcon_core.package_identification:_identify(src) by extension 'colcon_pkg'
[0.607s] Level 1:colcon.colcon_core.package_identification:_identify(src) by extensions ['colcon_meta']
[0.607s] Level 1:colcon.colcon_core.package_identification:_identify(src) by extension 'colcon_meta'
[0.607s] Level 1:colcon.colcon_core.package_identification:_identify(src) by extensions ['ros']
[0.607s] Level 1:colcon.colcon_core.package_identification:_identify(src) by extension 'ros'
[0.608s] Level 1:colcon.colcon_core.package_identification:_identify(src) by extensions ['cmake', 'python']
[0.608s] Level 1:colcon.colcon_core.package_identification:_identify(src) by extension 'cmake'
[0.608s] Level 1:colcon.colcon_core.package_identification:_identify(src) by extension 'python'
[0.608s] Level 1:colcon.colcon_core.package_identification:_identify(src) by extensions ['python_setup_py']
[0.608s] Level 1:colcon.colcon_core.package_identification:_identify(src) by extension 'python_setup_py'
[0.608s] Level 1:colcon.colcon_core.package_identification:_identify(src/hand_control) by extensions ['ignore', 'ignore_ament_install']
[0.608s] Level 1:colcon.colcon_core.package_identification:_identify(src/hand_control) by extension 'ignore'
[0.608s] Level 1:colcon.colcon_core.package_identification:_identify(src/hand_control) by extension 'ignore_ament_install'
[0.609s] Level 1:colcon.colcon_core.package_identification:_identify(src/hand_control) by extensions ['colcon_pkg']
[0.609s] Level 1:colcon.colcon_core.package_identification:_identify(src/hand_control) by extension 'colcon_pkg'
[0.609s] Level 1:colcon.colcon_core.package_identification:_identify(src/hand_control) by extensions ['colcon_meta']
[0.609s] Level 1:colcon.colcon_core.package_identification:_identify(src/hand_control) by extension 'colcon_meta'
[0.609s] Level 1:colcon.colcon_core.package_identification:_identify(src/hand_control) by extensions ['ros']
[0.609s] Level 1:colcon.colcon_core.package_identification:_identify(src/hand_control) by extension 'ros'
[0.615s] DEBUG:colcon.colcon_core.package_identification:Package 'src/hand_control' with type 'ros.ament_cmake' and name 'hand_control'
[0.615s] Level 1:colcon.colcon_core.package_discovery:discover_packages(recursive) using defaults
[0.615s] Level 1:colcon.colcon_core.package_discovery:discover_packages(ignore) discover
[0.615s] Level 1:colcon.colcon_core.package_discovery:discover_packages(ignore) using defaults
[0.615s] Level 1:colcon.colcon_core.package_discovery:discover_packages(path) discover
[0.615s] Level 1:colcon.colcon_core.package_discovery:discover_packages(path) using defaults
[0.657s] Level 1:colcon.colcon_core.package_discovery:discover_packages(prefix_path) check parameters
[0.657s] Level 1:colcon.colcon_core.package_discovery:discover_packages(prefix_path) discover
[0.661s] DEBUG:colcon.colcon_installed_package_information.package_discovery:Found 1 installed packages in /home/ti5robot/hand_control_ws/install
[0.664s] DEBUG:colcon.colcon_installed_package_information.package_discovery:Found 276 installed packages in /opt/ros/humble
[0.669s] Level 1:colcon.colcon_core.package_discovery:discover_packages(prefix_path) using defaults
[0.781s] Level 5:colcon.colcon_core.verb:set package 'hand_control' build argument 'cmake_args' from command line to 'None'
[0.781s] Level 5:colcon.colcon_core.verb:set package 'hand_control' build argument 'cmake_target' from command line to 'None'
[0.781s] Level 5:colcon.colcon_core.verb:set package 'hand_control' build argument 'cmake_target_skip_unavailable' from command line to 'False'
[0.781s] Level 5:colcon.colcon_core.verb:set package 'hand_control' build argument 'cmake_clean_cache' from command line to 'False'
[0.781s] Level 5:colcon.colcon_core.verb:set package 'hand_control' build argument 'cmake_clean_first' from command line to 'False'
[0.781s] Level 5:colcon.colcon_core.verb:set package 'hand_control' build argument 'cmake_force_configure' from command line to 'False'
[0.781s] Level 5:colcon.colcon_core.verb:set package 'hand_control' build argument 'ament_cmake_args' from command line to 'None'
[0.781s] Level 5:colcon.colcon_core.verb:set package 'hand_control' build argument 'catkin_cmake_args' from command line to 'None'
[0.781s] Level 5:colcon.colcon_core.verb:set package 'hand_control' build argument 'catkin_skip_building_tests' from command line to 'False'
[0.781s] DEBUG:colcon.colcon_core.verb:Building package 'hand_control' with the following arguments: {'ament_cmake_args': None, 'build_base': '/home/ti5robot/hand_control_ws/build/hand_control', 'catkin_cmake_args': None, 'catkin_skip_building_tests': False, 'cmake_args': None, 'cmake_clean_cache': False, 'cmake_clean_first': False, 'cmake_force_configure': False, 'cmake_target': None, 'cmake_target_skip_unavailable': False, 'install_base': '/home/ti5robot/hand_control_ws/install/hand_control', 'merge_install': False, 'path': '/home/ti5robot/hand_control_ws/src/hand_control', 'symlink_install': False, 'test_result_base': None}
[0.782s] INFO:colcon.colcon_core.executor:Executing jobs using 'parallel' executor
[0.784s] DEBUG:colcon.colcon_parallel_executor.executor.parallel:run_until_complete
[0.785s] INFO:colcon.colcon_ros.task.ament_cmake.build:Building ROS package in '/home/ti5robot/hand_control_ws/src/hand_control' with build type 'ament_cmake'
[0.785s] INFO:colcon.colcon_cmake.task.cmake.build:Building CMake package in '/home/ti5robot/hand_control_ws/src/hand_control'
[0.789s] INFO:colcon.colcon_core.plugin_system:Skipping extension 'colcon_core.shell.bat': Not used on non-Windows systems
[0.790s] INFO:colcon.colcon_core.shell:Skip shell extension 'powershell' for command environment: Not usable outside of PowerShell
[0.790s] DEBUG:colcon.colcon_core.shell:Skip shell extension 'dsv' for command environment
[0.810s] DEBUG:colcon.colcon_core.event_handler.log_command:Invoking command in '/home/ti5robot/hand_control_ws/build/hand_control': CMAKE_PREFIX_PATH=${CMAKE_PREFIX_PATH}:/opt/ros/humble /usr/bin/cmake --build /home/ti5robot/hand_control_ws/build/hand_control -- -j6 -l6
[20.075s] DEBUG:colcon.colcon_core.event_handler.log_command:Invoked command in '/home/ti5robot/hand_control_ws/build/hand_control' returned '0': CMAKE_PREFIX_PATH=${CMAKE_PREFIX_PATH}:/opt/ros/humble /usr/bin/cmake --build /home/ti5robot/hand_control_ws/build/hand_control -- -j6 -l6
[20.100s] DEBUG:colcon.colcon_core.event_handler.log_command:Invoking command in '/home/ti5robot/hand_control_ws/build/hand_control': CMAKE_PREFIX_PATH=${CMAKE_PREFIX_PATH}:/opt/ros/humble /usr/bin/cmake --install /home/ti5robot/hand_control_ws/build/hand_control
[20.145s] Level 1:colcon.colcon_core.environment:create_environment_scripts_only(hand_control)
[20.151s] DEBUG:colcon.colcon_core.event_handler.log_command:Invoked command in '/home/ti5robot/hand_control_ws/build/hand_control' returned '0': CMAKE_PREFIX_PATH=${CMAKE_PREFIX_PATH}:/opt/ros/humble /usr/bin/cmake --install /home/ti5robot/hand_control_ws/build/hand_control
[20.158s] Level 1:colcon.colcon_core.environment:checking '/home/ti5robot/hand_control_ws/install/hand_control' for CMake module files
[20.160s] Level 1:colcon.colcon_core.environment:checking '/home/ti5robot/hand_control_ws/install/hand_control' for CMake config files
[20.161s] Level 1:colcon.colcon_core.shell:create_environment_hook('hand_control', 'cmake_prefix_path')
[20.162s] INFO:colcon.colcon_core.shell:Creating environment hook '/home/ti5robot/hand_control_ws/install/hand_control/share/hand_control/hook/cmake_prefix_path.ps1'
[20.164s] INFO:colcon.colcon_core.shell:Creating environment descriptor '/home/ti5robot/hand_control_ws/install/hand_control/share/hand_control/hook/cmake_prefix_path.dsv'
[20.165s] INFO:colcon.colcon_core.shell:Creating environment hook '/home/ti5robot/hand_control_ws/install/hand_control/share/hand_control/hook/cmake_prefix_path.sh'
[20.168s] Level 1:colcon.colcon_core.environment:checking '/home/ti5robot/hand_control_ws/install/hand_control/lib'
[20.168s] Level 1:colcon.colcon_core.environment:checking '/home/ti5robot/hand_control_ws/install/hand_control/bin'
[20.169s] Level 1:colcon.colcon_core.environment:checking '/home/ti5robot/hand_control_ws/install/hand_control/lib/pkgconfig/hand_control.pc'
[20.169s] Level 1:colcon.colcon_core.environment:checking '/home/ti5robot/hand_control_ws/install/hand_control/lib/python3.10/site-packages'
[20.170s] Level 1:colcon.colcon_core.environment:checking '/home/ti5robot/hand_control_ws/install/hand_control/bin'
[20.171s] INFO:colcon.colcon_core.shell:Creating package script '/home/ti5robot/hand_control_ws/install/hand_control/share/hand_control/package.ps1'
[20.173s] INFO:colcon.colcon_core.shell:Creating package descriptor '/home/ti5robot/hand_control_ws/install/hand_control/share/hand_control/package.dsv'
[20.175s] INFO:colcon.colcon_core.shell:Creating package script '/home/ti5robot/hand_control_ws/install/hand_control/share/hand_control/package.sh'
[20.176s] INFO:colcon.colcon_core.shell:Creating package script '/home/ti5robot/hand_control_ws/install/hand_control/share/hand_control/package.bash'
[20.179s] INFO:colcon.colcon_core.shell:Creating package script '/home/ti5robot/hand_control_ws/install/hand_control/share/hand_control/package.zsh'
[20.180s] Level 1:colcon.colcon_core.environment:create_file_with_runtime_dependencies(/home/ti5robot/hand_control_ws/install/hand_control/share/colcon-core/packages/hand_control)
[20.182s] Level 1:colcon.colcon_core.environment:create_environment_scripts_only(hand_control)
[20.182s] Level 1:colcon.colcon_core.environment:checking '/home/ti5robot/hand_control_ws/install/hand_control' for CMake module files
[20.184s] Level 1:colcon.colcon_core.environment:checking '/home/ti5robot/hand_control_ws/install/hand_control' for CMake config files
[20.185s] Level 1:colcon.colcon_core.shell:create_environment_hook('hand_control', 'cmake_prefix_path')
[20.185s] INFO:colcon.colcon_core.shell:Creating environment hook '/home/ti5robot/hand_control_ws/install/hand_control/share/hand_control/hook/cmake_prefix_path.ps1'
[20.186s] INFO:colcon.colcon_core.shell:Creating environment descriptor '/home/ti5robot/hand_control_ws/install/hand_control/share/hand_control/hook/cmake_prefix_path.dsv'
[20.187s] INFO:colcon.colcon_core.shell:Creating environment hook '/home/ti5robot/hand_control_ws/install/hand_control/share/hand_control/hook/cmake_prefix_path.sh'
[20.189s] Level 1:colcon.colcon_core.environment:checking '/home/ti5robot/hand_control_ws/install/hand_control/lib'
[20.189s] Level 1:colcon.colcon_core.environment:checking '/home/ti5robot/hand_control_ws/install/hand_control/bin'
[20.190s] Level 1:colcon.colcon_core.environment:checking '/home/ti5robot/hand_control_ws/install/hand_control/lib/pkgconfig/hand_control.pc'
[20.190s] Level 1:colcon.colcon_core.environment:checking '/home/ti5robot/hand_control_ws/install/hand_control/lib/python3.10/site-packages'
[20.191s] Level 1:colcon.colcon_core.environment:checking '/home/ti5robot/hand_control_ws/install/hand_control/bin'
[20.191s] INFO:colcon.colcon_core.shell:Creating package script '/home/ti5robot/hand_control_ws/install/hand_control/share/hand_control/package.ps1'
[20.193s] INFO:colcon.colcon_core.shell:Creating package descriptor '/home/ti5robot/hand_control_ws/install/hand_control/share/hand_control/package.dsv'
[20.194s] INFO:colcon.colcon_core.shell:Creating package script '/home/ti5robot/hand_control_ws/install/hand_control/share/hand_control/package.sh'
[20.195s] INFO:colcon.colcon_core.shell:Creating package script '/home/ti5robot/hand_control_ws/install/hand_control/share/hand_control/package.bash'
[20.196s] INFO:colcon.colcon_core.shell:Creating package script '/home/ti5robot/hand_control_ws/install/hand_control/share/hand_control/package.zsh'
[20.197s] Level 1:colcon.colcon_core.environment:create_file_with_runtime_dependencies(/home/ti5robot/hand_control_ws/install/hand_control/share/colcon-core/packages/hand_control)
[20.198s] DEBUG:colcon.colcon_parallel_executor.executor.parallel:closing loop
[20.198s] DEBUG:colcon.colcon_parallel_executor.executor.parallel:loop closed
[20.199s] DEBUG:colcon.colcon_parallel_executor.executor.parallel:run_until_complete finished with '0'
[20.199s] DEBUG:colcon.colcon_core.event_reactor:joining thread
[20.212s] INFO:colcon.colcon_core.plugin_system:Skipping extension 'colcon_notification.desktop_notification.terminal_notifier': Not used on non-Darwin systems
[20.213s] INFO:colcon.colcon_core.plugin_system:Skipping extension 'colcon_notification.desktop_notification.win32': Not used on non-Windows systems
[20.213s] INFO:colcon.colcon_notification.desktop_notification:Sending desktop notification using 'notify2'
[20.258s] DEBUG:colcon.colcon_core.event_reactor:joined thread
[20.259s] INFO:colcon.colcon_core.shell:Creating prefix script '/home/ti5robot/hand_control_ws/install/local_setup.ps1'
[20.262s] INFO:colcon.colcon_core.shell:Creating prefix util module '/home/ti5robot/hand_control_ws/install/_local_setup_util_ps1.py'
[20.266s] INFO:colcon.colcon_core.shell:Creating prefix chain script '/home/ti5robot/hand_control_ws/install/setup.ps1'
[20.271s] INFO:colcon.colcon_core.shell:Creating prefix script '/home/ti5robot/hand_control_ws/install/local_setup.sh'
[20.273s] INFO:colcon.colcon_core.shell:Creating prefix util module '/home/ti5robot/hand_control_ws/install/_local_setup_util_sh.py'
[20.274s] INFO:colcon.colcon_core.shell:Creating prefix chain script '/home/ti5robot/hand_control_ws/install/setup.sh'
[20.278s] INFO:colcon.colcon_core.shell:Creating prefix script '/home/ti5robot/hand_control_ws/install/local_setup.bash'
[20.279s] INFO:colcon.colcon_core.shell:Creating prefix chain script '/home/ti5robot/hand_control_ws/install/setup.bash'
[20.282s] INFO:colcon.colcon_core.shell:Creating prefix script '/home/ti5robot/hand_control_ws/install/local_setup.zsh'
[20.283s] INFO:colcon.colcon_core.shell:Creating prefix chain script '/home/ti5robot/hand_control_ws/install/setup.zsh'
