[0.024s] Invoking command in '/home/ti5robot/hand_control_ws/build/hand_control': CMAKE_PREFIX_PATH=${CMAKE_PREFIX_PATH}:/opt/ros/humble /usr/bin/cmake --build /home/ti5robot/hand_control_ws/build/hand_control -- -j6 -l6
[0.126s] [35m[1mConsolidate compiler generated dependencies of target hand_control_node[0m
[0.151s] [ 33%] Built target keyboard_publisher
[0.157s] [ 66%] Built target hand_control_node2
[0.180s] [100%] Built target hand_control_node
[0.202s] Invoked command in '/home/ti5robot/hand_control_ws/build/hand_control' returned '0': CMAKE_PREFIX_PATH=${CMAKE_PREFIX_PATH}:/opt/ros/humble /usr/bin/cmake --build /home/ti5robot/hand_control_ws/build/hand_control -- -j6 -l6
[0.228s] Invoking command in '/home/ti5robot/hand_control_ws/build/hand_control': CMAKE_PREFIX_PATH=${CMAKE_PREFIX_PATH}:/opt/ros/humble /usr/bin/cmake --install /home/ti5robot/hand_control_ws/build/hand_control
[0.246s] -- Install configuration: ""
[0.247s] -- Execute custom install script
[0.248s] -- Up-to-date symlink: /home/ti5robot/hand_control_ws/install/hand_control/lib/hand_control/hand_control_node
[0.248s] -- Up-to-date symlink: /home/ti5robot/hand_control_ws/install/hand_control/lib/hand_control/hand_control_node2
[0.249s] -- Up-to-date symlink: /home/ti5robot/hand_control_ws/install/hand_control/lib/hand_control/keyboard_publisher
[0.249s] -- Up-to-date symlink: /home/ti5robot/hand_control_ws/install/hand_control/share/ament_index/resource_index/package_run_dependencies/hand_control
[0.249s] -- Up-to-date symlink: /home/ti5robot/hand_control_ws/install/hand_control/share/ament_index/resource_index/parent_prefix_path/hand_control
[0.249s] -- Up-to-date symlink: /home/ti5robot/hand_control_ws/install/hand_control/share/hand_control/environment/ament_prefix_path.sh
[0.250s] -- Up-to-date symlink: /home/ti5robot/hand_control_ws/install/hand_control/share/hand_control/environment/ament_prefix_path.dsv
[0.250s] -- Up-to-date symlink: /home/ti5robot/hand_control_ws/install/hand_control/share/hand_control/environment/path.sh
[0.250s] -- Up-to-date symlink: /home/ti5robot/hand_control_ws/install/hand_control/share/hand_control/environment/path.dsv
[0.251s] -- Up-to-date symlink: /home/ti5robot/hand_control_ws/install/hand_control/share/hand_control/local_setup.bash
[0.251s] -- Up-to-date symlink: /home/ti5robot/hand_control_ws/install/hand_control/share/hand_control/local_setup.sh
[0.251s] -- Up-to-date symlink: /home/ti5robot/hand_control_ws/install/hand_control/share/hand_control/local_setup.zsh
[0.251s] -- Up-to-date symlink: /home/ti5robot/hand_control_ws/install/hand_control/share/hand_control/local_setup.dsv
[0.252s] -- Symlinking: /home/ti5robot/hand_control_ws/install/hand_control/share/hand_control/package.dsv
[0.273s] -- Up-to-date symlink: /home/ti5robot/hand_control_ws/install/hand_control/share/ament_index/resource_index/packages/hand_control
[0.273s] -- Up-to-date symlink: /home/ti5robot/hand_control_ws/install/hand_control/share/hand_control/cmake/ament_cmake_export_dependencies-extras.cmake
[0.275s] -- Up-to-date symlink: /home/ti5robot/hand_control_ws/install/hand_control/share/hand_control/cmake/hand_controlConfig.cmake
[0.275s] -- Up-to-date symlink: /home/ti5robot/hand_control_ws/install/hand_control/share/hand_control/cmake/hand_controlConfig-version.cmake
[0.276s] -- Up-to-date symlink: /home/ti5robot/hand_control_ws/install/hand_control/share/hand_control/package.xml
[0.288s] Invoked command in '/home/ti5robot/hand_control_ws/build/hand_control' returned '0': CMAKE_PREFIX_PATH=${CMAKE_PREFIX_PATH}:/opt/ros/humble /usr/bin/cmake --install /home/ti5robot/hand_control_ws/build/hand_control
