-- Found ament_cmake: 1.3.11 (/opt/ros/humble/share/ament_cmake/cmake)
-- Override CMake install command with custom implementation using symlinks instead of copying resources
-- Found rclcpp: 16.0.11 (/opt/ros/humble/share/rclcpp/cmake)
-- Found rosidl_generator_c: 3.1.6 (/opt/ros/humble/share/rosidl_generator_c/cmake)
-- Found rosidl_adapter: 3.1.6 (/opt/ros/humble/share/rosidl_adapter/cmake)
-- Found rosidl_generator_cpp: 3.1.6 (/opt/ros/humble/share/rosidl_generator_cpp/cmake)
-- Using all available rosidl_typesupport_c: rosidl_typesupport_fastrtps_c;rosidl_typesupport_introspection_c
-- Using all available rosidl_typesupport_cpp: rosidl_typesupport_fastrtps_cpp;rosidl_typesupport_introspection_cpp
-- Found rmw_implementation_cmake: 6.1.2 (/opt/ros/humble/share/rmw_implementation_cmake/cmake)
-- Found rmw_fastrtps_cpp: 6.2.7 (/opt/ros/humble/share/rmw_fastrtps_cpp/cmake)
-- Using RMW implementation 'rmw_fastrtps_cpp' as default
-- Configuring done
-- Generating done
-- Build files have been written to: /home/ti5robot/hand_control_ws/build/hand_control
[ 25%] [32mBuilding CXX object CMakeFiles/keyboard_publisher.dir/src/keyboard_publisher.cpp.o[0m
[ 50%] [32mBuilding CXX object CMakeFiles/hand_control_node.dir/src/hand_control_node.cpp.o[0m
[ 75%] [32m[1mLinking CXX executable keyboard_publisher[0m
[ 75%] Built target keyboard_publisher
[100%] [32m[1mLinking CXX executable hand_control_node[0m
[100%] Built target hand_control_node
-- Install configuration: ""
-- Execute custom install script
-- Symlinking: /home/ti5robot/hand_control_ws/install/hand_control/lib/hand_control/hand_control_node
-- Symlinking: /home/ti5robot/hand_control_ws/install/hand_control/lib/hand_control/keyboard_publisher
-- Symlinking: /home/ti5robot/hand_control_ws/install/hand_control/share/ament_index/resource_index/package_run_dependencies/hand_control
-- Symlinking: /home/ti5robot/hand_control_ws/install/hand_control/share/ament_index/resource_index/parent_prefix_path/hand_control
-- Symlinking: /home/ti5robot/hand_control_ws/install/hand_control/share/hand_control/environment/ament_prefix_path.sh
-- Symlinking: /home/ti5robot/hand_control_ws/install/hand_control/share/hand_control/environment/ament_prefix_path.dsv
-- Symlinking: /home/ti5robot/hand_control_ws/install/hand_control/share/hand_control/environment/path.sh
-- Symlinking: /home/ti5robot/hand_control_ws/install/hand_control/share/hand_control/environment/path.dsv
-- Symlinking: /home/ti5robot/hand_control_ws/install/hand_control/share/hand_control/local_setup.bash
-- Symlinking: /home/ti5robot/hand_control_ws/install/hand_control/share/hand_control/local_setup.sh
-- Symlinking: /home/ti5robot/hand_control_ws/install/hand_control/share/hand_control/local_setup.zsh
-- Symlinking: /home/ti5robot/hand_control_ws/install/hand_control/share/hand_control/local_setup.dsv
-- Symlinking: /home/ti5robot/hand_control_ws/install/hand_control/share/hand_control/package.dsv
-- Symlinking: /home/ti5robot/hand_control_ws/install/hand_control/share/ament_index/resource_index/packages/hand_control
-- Symlinking: /home/ti5robot/hand_control_ws/install/hand_control/share/hand_control/cmake/ament_cmake_export_dependencies-extras.cmake
-- Symlinking: /home/ti5robot/hand_control_ws/install/hand_control/share/hand_control/cmake/hand_controlConfig.cmake
-- Symlinking: /home/ti5robot/hand_control_ws/install/hand_control/share/hand_control/cmake/hand_controlConfig-version.cmake
-- Symlinking: /home/ti5robot/hand_control_ws/install/hand_control/share/hand_control/package.xml
