[0.020s] Invoking command in '/home/ti5robot/hand_control_ws/build/hand_control': CMAKE_PREFIX_PATH=/opt/ros/humble /usr/bin/cmake /home/ti5robot/hand_control_ws/src/hand_control -DAMENT_CMAKE_SYMLINK_INSTALL=1 -DCMAKE_INSTALL_PREFIX=/home/ti5robot/hand_control_ws/install/hand_control
[0.045s] -- Found ament_cmake: 1.3.11 (/opt/ros/humble/share/ament_cmake/cmake)
[0.310s] -- Override CMake install command with custom implementation using symlinks instead of copying resources
[0.336s] -- Found rclcpp: 16.0.11 (/opt/ros/humble/share/rclcpp/cmake)
[0.409s] -- Found rosidl_generator_c: 3.1.6 (/opt/ros/humble/share/rosidl_generator_c/cmake)
[0.413s] -- Found rosidl_adapter: 3.1.6 (/opt/ros/humble/share/rosidl_adapter/cmake)
[0.424s] -- Found rosidl_generator_cpp: 3.1.6 (/opt/ros/humble/share/rosidl_generator_cpp/cmake)
[0.442s] -- Using all available rosidl_typesupport_c: rosidl_typesupport_fastrtps_c;rosidl_typesupport_introspection_c
[0.464s] -- Using all available rosidl_typesupport_cpp: rosidl_typesupport_fastrtps_cpp;rosidl_typesupport_introspection_cpp
[0.525s] -- Found rmw_implementation_cmake: 6.1.2 (/opt/ros/humble/share/rmw_implementation_cmake/cmake)
[0.527s] -- Found rmw_fastrtps_cpp: 6.2.7 (/opt/ros/humble/share/rmw_fastrtps_cpp/cmake)
[0.705s] -- Using RMW implementation 'rmw_fastrtps_cpp' as default
[0.945s] -- Configuring done
[0.975s] -- Generating done
[0.987s] -- Build files have been written to: /home/ti5robot/hand_control_ws/build/hand_control
[1.007s] Invoked command in '/home/ti5robot/hand_control_ws/build/hand_control' returned '0': CMAKE_PREFIX_PATH=/opt/ros/humble /usr/bin/cmake /home/ti5robot/hand_control_ws/src/hand_control -DAMENT_CMAKE_SYMLINK_INSTALL=1 -DCMAKE_INSTALL_PREFIX=/home/ti5robot/hand_control_ws/install/hand_control
[1.012s] Invoking command in '/home/ti5robot/hand_control_ws/build/hand_control': CMAKE_PREFIX_PATH=/opt/ros/humble /usr/bin/cmake --build /home/ti5robot/hand_control_ws/build/hand_control -- -j6 -l6
[1.110s] [ 25%] [32mBuilding CXX object CMakeFiles/keyboard_publisher.dir/src/keyboard_publisher.cpp.o[0m
[1.111s] [ 50%] [32mBuilding CXX object CMakeFiles/hand_control_node.dir/src/hand_control_node.cpp.o[0m
[10.891s] [ 75%] [32m[1mLinking CXX executable keyboard_publisher[0m
[11.295s] [ 75%] Built target keyboard_publisher
[19.428s] [100%] [32m[1mLinking CXX executable hand_control_node[0m
[20.202s] [100%] Built target hand_control_node
[20.228s] Invoked command in '/home/ti5robot/hand_control_ws/build/hand_control' returned '0': CMAKE_PREFIX_PATH=/opt/ros/humble /usr/bin/cmake --build /home/ti5robot/hand_control_ws/build/hand_control -- -j6 -l6
[20.253s] Invoking command in '/home/ti5robot/hand_control_ws/build/hand_control': CMAKE_PREFIX_PATH=/opt/ros/humble /usr/bin/cmake --install /home/ti5robot/hand_control_ws/build/hand_control
[20.269s] -- Install configuration: ""
[20.270s] -- Execute custom install script
[20.271s] -- Symlinking: /home/ti5robot/hand_control_ws/install/hand_control/lib/hand_control/hand_control_node
[20.290s] -- Symlinking: /home/ti5robot/hand_control_ws/install/hand_control/lib/hand_control/keyboard_publisher
[20.309s] -- Symlinking: /home/ti5robot/hand_control_ws/install/hand_control/share/ament_index/resource_index/package_run_dependencies/hand_control
[20.329s] -- Symlinking: /home/ti5robot/hand_control_ws/install/hand_control/share/ament_index/resource_index/parent_prefix_path/hand_control
[20.349s] -- Symlinking: /home/ti5robot/hand_control_ws/install/hand_control/share/hand_control/environment/ament_prefix_path.sh
[20.367s] -- Symlinking: /home/ti5robot/hand_control_ws/install/hand_control/share/hand_control/environment/ament_prefix_path.dsv
[20.387s] -- Symlinking: /home/ti5robot/hand_control_ws/install/hand_control/share/hand_control/environment/path.sh
[20.406s] -- Symlinking: /home/ti5robot/hand_control_ws/install/hand_control/share/hand_control/environment/path.dsv
[20.426s] -- Symlinking: /home/ti5robot/hand_control_ws/install/hand_control/share/hand_control/local_setup.bash
[20.446s] -- Symlinking: /home/ti5robot/hand_control_ws/install/hand_control/share/hand_control/local_setup.sh
[20.466s] -- Symlinking: /home/ti5robot/hand_control_ws/install/hand_control/share/hand_control/local_setup.zsh
[20.486s] -- Symlinking: /home/ti5robot/hand_control_ws/install/hand_control/share/hand_control/local_setup.dsv
[20.505s] -- Symlinking: /home/ti5robot/hand_control_ws/install/hand_control/share/hand_control/package.dsv
[20.524s] -- Symlinking: /home/ti5robot/hand_control_ws/install/hand_control/share/ament_index/resource_index/packages/hand_control
[20.543s] -- Symlinking: /home/ti5robot/hand_control_ws/install/hand_control/share/hand_control/cmake/ament_cmake_export_dependencies-extras.cmake
[20.564s] -- Symlinking: /home/ti5robot/hand_control_ws/install/hand_control/share/hand_control/cmake/hand_controlConfig.cmake
[20.584s] -- Symlinking: /home/ti5robot/hand_control_ws/install/hand_control/share/hand_control/cmake/hand_controlConfig-version.cmake
[20.604s] -- Symlinking: /home/ti5robot/hand_control_ws/install/hand_control/share/hand_control/package.xml
[20.630s] Invoked command in '/home/ti5robot/hand_control_ws/build/hand_control' returned '0': CMAKE_PREFIX_PATH=/opt/ros/humble /usr/bin/cmake --install /home/ti5robot/hand_control_ws/build/hand_control
